2024.10.02 15:31:05 INFO  Started: Metals version 1.3.5 in folders '/home/anata/VexRiscvcpu' for client Visual Studio Code 1.93.1.[0m
SLF4J(W): Class path contains multiple SLF4J providers.
SLF4J(W): Found provider [scribe.slf4j.ScribeServiceProvider@17c9a830]
SLF4J(W): Found provider [ch.qos.logback.classic.spi.LogbackServiceProvider@75785d85]
SLF4J(W): See https://www.slf4j.org/codes.html#multiple_bindings for an explanation.
SLF4J(I): Actual provider is of type [scribe.slf4j.ScribeServiceProvider@17c9a830]
2024.10.02 15:31:06 WARN  Flyway upgrade recommended: H2 2.3.230 is newer than this version of Flyway and support has not been tested. The latest supported version of H2 is 2.2.220.[0m
Oct 02, 2024 3:32:54 PM org.eclipse.lsp4j.jsonrpc.services.GenericEndpoint notify
INFO: Unsupported notification method: $/setTrace
2024.10.02 15:33:04 WARN  Build server is not auto-connectable.[0m
2024.10.02 15:33:46 WARN  Build server is not auto-connectable.[0m
2024.10.02 15:34:34 INFO  Shutting down server[0m
2024.10.02 15:34:34 INFO  shutting down Metals[0m
2024.10.02 15:34:34 INFO  Exiting server[0m
2024.10.02 15:35:00 INFO  Started: Metals version 1.3.5 in folders '/home/anata/VexRiscv, /home/anata/VexRiscvcpu' for client Visual Studio Code 1.93.1.[0m
SLF4J(W): Class path contains multiple SLF4J providers.
SLF4J(W): Found provider [scribe.slf4j.ScribeServiceProvider@12c2dc38]
SLF4J(W): Found provider [ch.qos.logback.classic.spi.LogbackServiceProvider@67e8f0c4]
SLF4J(W): See https://www.slf4j.org/codes.html#multiple_bindings for an explanation.
SLF4J(I): Actual provider is of type [scribe.slf4j.ScribeServiceProvider@12c2dc38]
2024.10.02 15:35:01 INFO  Flyway Community Edition 9.22.3 by Redgate[0m
2024.10.02 15:35:01 INFO  See release notes here: https://rd.gt/416ObMi[0m
2024.10.02 15:35:01 INFO  [0m
2024.10.02 15:35:01 INFO  Database: jdbc:h2:file:/home/anata/VexRiscvcpu/.metals/metals (H2 2.3)[0m
2024.10.02 15:35:01 WARN  Flyway upgrade recommended: H2 2.3.230 is newer than this version of Flyway and support has not been tested. The latest supported version of H2 is 2.2.220.[0m
2024.10.02 15:35:01 INFO  Successfully validated 6 migrations (execution time 00:00.037s)[0m
2024.10.02 15:35:01 INFO  Current version of schema "PUBLIC": 6[0m
2024.10.02 15:35:01 INFO  Schema "PUBLIC" is up to date. No migration necessary.[0m
2024.10.02 15:35:01 INFO  Database: jdbc:h2:file:/home/anata/VexRiscv/.metals/metals (H2 2.3)[0m
2024.10.02 15:35:01 WARN  Flyway upgrade recommended: H2 2.3.230 is newer than this version of Flyway and support has not been tested. The latest supported version of H2 is 2.2.220.[0m
2024.10.02 15:35:01 INFO  Successfully validated 6 migrations (execution time 00:00.008s)[0m
2024.10.02 15:35:01 INFO  Current version of schema "PUBLIC": 6[0m
2024.10.02 15:35:01 INFO  Schema "PUBLIC" is up to date. No migration necessary.[0m
2024.10.02 15:35:01 INFO  Attempting to connect to the build server...[0m
Oct 02, 2024 3:35:21 PM org.eclipse.lsp4j.jsonrpc.services.GenericEndpoint notify
INFO: Unsupported notification method: $/setTrace
Oct 02, 2024 3:35:21 PM org.eclipse.lsp4j.jsonrpc.services.GenericEndpoint notify
INFO: Unsupported notification method: $/setTrace
Oct 02, 2024 3:35:23 PM org.eclipse.lsp4j.jsonrpc.services.GenericEndpoint notify
INFO: Unsupported notification method: $/setTrace
Oct 02, 2024 3:35:33 PM org.eclipse.lsp4j.jsonrpc.services.GenericEndpoint notify
INFO: Unsupported notification method: $/setTrace
Oct 02, 2024 3:35:33 PM org.eclipse.lsp4j.jsonrpc.services.GenericEndpoint notify
INFO: Unsupported notification method: $/setTrace
Oct 02, 2024 3:35:51 PM org.eclipse.lsp4j.jsonrpc.RemoteEndpoint fallbackResponseError
SEVERE: Internal error: java.lang.NullPointerException: Cannot invoke "org.eclipse.lsp4j.MessageActionItem.getTitle()" because "item$1" is null
java.util.concurrent.CompletionException: java.lang.NullPointerException: Cannot invoke "org.eclipse.lsp4j.MessageActionItem.getTitle()" because "item$1" is null
	at java.base/java.util.concurrent.CompletableFuture.encodeThrowable(CompletableFuture.java:332)
	at java.base/java.util.concurrent.CompletableFuture.completeThrowable(CompletableFuture.java:347)
	at java.base/java.util.concurrent.CompletableFuture$UniAccept.tryFire(CompletableFuture.java:708)
	at java.base/java.util.concurrent.CompletableFuture.postComplete(CompletableFuture.java:510)
	at java.base/java.util.concurrent.CompletableFuture.completeExceptionally(CompletableFuture.java:2162)
	at scala.concurrent.java8.FuturesConvertersImpl$CF.apply(FutureConvertersImpl.scala:29)
	at scala.concurrent.java8.FuturesConvertersImpl$CF.apply(FutureConvertersImpl.scala:26)
	at scala.concurrent.impl.Promise$Transformation.run(Promise.scala:484)
	at scala.concurrent.ExecutionContext$parasitic$.execute(ExecutionContext.scala:222)
	at scala.concurrent.impl.Promise$Transformation.submitWithValue(Promise.scala:429)
	at scala.concurrent.impl.Promise$DefaultPromise.submitWithValue(Promise.scala:338)
	at scala.concurrent.impl.Promise$DefaultPromise.tryComplete0(Promise.scala:285)
	at scala.concurrent.impl.Promise$Transformation.run(Promise.scala:504)
	at java.base/java.util.concurrent.ThreadPoolExecutor.runWorker(ThreadPoolExecutor.java:1136)
	at java.base/java.util.concurrent.ThreadPoolExecutor$Worker.run(ThreadPoolExecutor.java:635)
	at java.base/java.lang.Thread.run(Thread.java:840)
Caused by: java.lang.NullPointerException: Cannot invoke "org.eclipse.lsp4j.MessageActionItem.getTitle()" because "item$1" is null
	at scala.meta.internal.metals.WorkspaceChoicePopup.$anonfun$interactiveChooseFolder$3(WorkspaceChoicePopup.scala:31)
	at scala.meta.internal.metals.WorkspaceChoicePopup.$anonfun$interactiveChooseFolder$3$adapted(WorkspaceChoicePopup.scala:31)
	at scala.collection.immutable.List.find(List.scala:414)
	at scala.meta.internal.metals.WorkspaceChoicePopup.$anonfun$interactiveChooseFolder$2(WorkspaceChoicePopup.scala:31)
	at scala.concurrent.impl.Promise$Transformation.run(Promise.scala:467)
	... 3 more

2024.10.02 15:36:03 ERROR Starting the bsp launcher for bloop...[0m
2024.10.02 15:36:03 ERROR Opening a bsp server connection with 'bsp --protocol local --socket /tmp/bsp-launcher15865078945776012851/bsp.socket'...[0m
2024.10.02 15:36:03 ERROR Waiting for the bsp connection to come up...[0m
2024.10.02 15:36:03 ERROR Waiting for the bsp connection to come up...[0m
2024.10.02 15:36:03 ERROR Waiting for the bsp connection to come up...[0m
2024.10.02 15:36:03 ERROR Waiting for the bsp connection to come up...[0m
2024.10.02 15:36:03 ERROR Waiting for the bsp connection to come up...[0m
2024.10.02 15:36:03 ERROR Waiting for the bsp connection to come up...[0m
2024.10.02 15:36:03 ERROR Waiting for the bsp connection to come up...[0m
2024.10.02 15:36:03 ERROR Waiting for the bsp connection to come up...[0m
2024.10.02 15:36:03 ERROR Waiting for the bsp connection to come up...[0m
2024.10.02 15:36:03 ERROR Waiting for the bsp connection to come up...[0m
2024.10.02 15:36:03 ERROR Waiting for the bsp connection to come up...[0m
2024.10.02 15:36:03 ERROR Waiting for the bsp connection to come up...[0m
2024.10.02 15:36:03 ERROR Waiting for the bsp connection to come up...[0m
2024.10.02 15:36:03 ERROR Waiting for the bsp connection to come up...[0m
2024.10.02 15:36:03 ERROR Waiting for the bsp connection to come up...[0m
2024.10.02 15:36:03 ERROR Waiting for the bsp connection to come up...[0m
2024.10.02 15:36:03 ERROR Waiting for the bsp connection to come up...[0m
2024.10.02 15:36:03 ERROR Waiting for the bsp connection to come up...[0m
2024.10.02 15:36:03 ERROR Waiting for the bsp connection to come up...[0m
2024.10.02 15:36:03 ERROR Waiting for the bsp connection to come up...[0m
2024.10.02 15:36:03 ERROR Waiting for the bsp connection to come up...[0m
2024.10.02 15:36:03 ERROR Waiting for the bsp connection to come up...[0m
2024.10.02 15:36:03 ERROR Waiting for the bsp connection to come up...[0m
2024.10.02 15:36:03 ERROR Waiting for the bsp connection to come up...[0m
2024.10.02 15:36:03 ERROR Waiting for the bsp connection to come up...[0m
2024.10.02 15:36:03 ERROR Waiting for the bsp connection to come up...[0m
2024.10.02 15:36:03 ERROR Waiting for the bsp connection to come up...[0m
2024.10.02 15:36:03 ERROR Waiting for the bsp connection to come up...[0m
2024.10.02 15:36:03 ERROR Waiting for the bsp connection to come up...[0m
2024.10.02 15:36:03 ERROR Waiting for the bsp connection to come up...[0m
2024.10.02 15:36:03 ERROR Waiting for the bsp connection to come up...[0m
2024.10.02 15:36:03 ERROR error: Giving up on waiting for a connection, printing embedded bloop logs:[0m
2024.10.02 15:36:03 ERROR > [0m
2024.10.02 15:36:03 ERROR error: Trying a tcp-based connection to the server instead...[0m
2024.10.02 15:36:03 ERROR Opening a bsp server connection with 'bsp --protocol tcp --port 37805'...[0m
2024.10.02 15:36:03 ERROR Waiting for the bsp connection to come up...[0m
2024.10.02 15:36:03 ERROR Waiting for the bsp connection to come up...[0m
2024.10.02 15:36:03 ERROR Waiting for the bsp connection to come up...[0m
2024.10.02 15:36:03 ERROR Waiting for the bsp connection to come up...[0m
2024.10.02 15:36:03 ERROR Waiting for the bsp connection to come up...[0m
2024.10.02 15:36:03 ERROR Waiting for the bsp connection to come up...[0m
2024.10.02 15:36:03 ERROR Waiting for the bsp connection to come up...[0m
2024.10.02 15:36:03 ERROR Waiting for the bsp connection to come up...[0m
2024.10.02 15:36:03 ERROR Waiting for the bsp connection to come up...[0m
2024.10.02 15:36:03 ERROR Waiting for the bsp connection to come up...[0m
2024.10.02 15:36:03 ERROR Waiting for the bsp connection to come up...[0m
2024.10.02 15:36:03 ERROR Waiting for the bsp connection to come up...[0m
2024.10.02 15:36:03 ERROR Waiting for the bsp connection to come up...[0m
2024.10.02 15:36:03 ERROR Waiting for the bsp connection to come up...[0m
2024.10.02 15:36:03 ERROR Waiting for the bsp connection to come up...[0m
2024.10.02 15:36:03 ERROR Waiting for the bsp connection to come up...[0m
2024.10.02 15:36:03 ERROR Waiting for the bsp connection to come up...[0m
2024.10.02 15:36:03 ERROR Waiting for the bsp connection to come up...[0m
2024.10.02 15:36:03 ERROR Waiting for the bsp connection to come up...[0m
2024.10.02 15:36:03 ERROR Waiting for the bsp connection to come up...[0m
2024.10.02 15:36:03 ERROR Waiting for the bsp connection to come up...[0m
2024.10.02 15:36:03 ERROR Waiting for the bsp connection to come up...[0m
2024.10.02 15:36:03 ERROR Waiting for the bsp connection to come up...[0m
2024.10.02 15:36:03 ERROR Waiting for the bsp connection to come up...[0m
2024.10.02 15:36:03 ERROR Waiting for the bsp connection to come up...[0m
2024.10.02 15:36:03 ERROR Waiting for the bsp connection to come up...[0m
2024.10.02 15:36:03 ERROR Waiting for the bsp connection to come up...[0m
2024.10.02 15:36:03 ERROR Waiting for the bsp connection to come up...[0m
2024.10.02 15:36:03 ERROR Waiting for the bsp connection to come up...[0m
2024.10.02 15:36:03 ERROR Waiting for the bsp connection to come up...[0m
2024.10.02 15:36:03 ERROR Waiting for the bsp connection to come up...[0m
2024.10.02 15:36:03 ERROR error: Giving up on waiting for a connection, printing embedded bloop logs:[0m
2024.10.02 15:36:03 ERROR > [0m
2024.10.02 15:36:03 ERROR error: The launcher failed to establish a bsp connection, aborting...[0m
2024.10.02 15:36:03 ERROR Failed to connect with build server, no functionality will work.
java.lang.RuntimeException: The server did not start, got FailedToOpenBspConnection
	at bloop.launcher.LauncherMain.failPromise$1(Launcher.scala:92)
	at bloop.launcher.LauncherMain.runLauncher(Launcher.scala:119)
	at scala.meta.internal.metals.BloopServers$$anon$2.run(BloopServers.scala:385)
	at java.util.concurrent.Executors$RunnableAdapter.call(Executors.java:539)
	at java.util.concurrent.FutureTask.run(FutureTask.java:264)
	at java.util.concurrent.ThreadPoolExecutor.runWorker(ThreadPoolExecutor.java:1136)
	at java.util.concurrent.ThreadPoolExecutor$Worker.run(ThreadPoolExecutor.java:635)
	at java.lang.Thread.run(Thread.java:840)
[0m
Oct 02, 2024 3:36:12 PM org.eclipse.lsp4j.jsonrpc.RemoteEndpoint fallbackResponseError
SEVERE: Internal error: java.lang.NullPointerException: Cannot invoke "org.eclipse.lsp4j.MessageActionItem.getTitle()" because "item$1" is null
java.util.concurrent.CompletionException: java.lang.NullPointerException: Cannot invoke "org.eclipse.lsp4j.MessageActionItem.getTitle()" because "item$1" is null
	at java.base/java.util.concurrent.CompletableFuture.encodeThrowable(CompletableFuture.java:332)
	at java.base/java.util.concurrent.CompletableFuture.completeThrowable(CompletableFuture.java:347)
	at java.base/java.util.concurrent.CompletableFuture$UniAccept.tryFire(CompletableFuture.java:708)
	at java.base/java.util.concurrent.CompletableFuture.postComplete(CompletableFuture.java:510)
	at java.base/java.util.concurrent.CompletableFuture.completeExceptionally(CompletableFuture.java:2162)
	at scala.concurrent.java8.FuturesConvertersImpl$CF.apply(FutureConvertersImpl.scala:29)
	at scala.concurrent.java8.FuturesConvertersImpl$CF.apply(FutureConvertersImpl.scala:26)
	at scala.concurrent.impl.Promise$Transformation.run(Promise.scala:484)
	at scala.concurrent.ExecutionContext$parasitic$.execute(ExecutionContext.scala:222)
	at scala.concurrent.impl.Promise$Transformation.submitWithValue(Promise.scala:429)
	at scala.concurrent.impl.Promise$DefaultPromise.submitWithValue(Promise.scala:338)
	at scala.concurrent.impl.Promise$DefaultPromise.tryComplete0(Promise.scala:285)
	at scala.concurrent.impl.Promise$Transformation.run(Promise.scala:504)
	at java.base/java.util.concurrent.ThreadPoolExecutor.runWorker(ThreadPoolExecutor.java:1136)
	at java.base/java.util.concurrent.ThreadPoolExecutor$Worker.run(ThreadPoolExecutor.java:635)
	at java.base/java.lang.Thread.run(Thread.java:840)
Caused by: java.lang.NullPointerException: Cannot invoke "org.eclipse.lsp4j.MessageActionItem.getTitle()" because "item$1" is null
	at scala.meta.internal.metals.WorkspaceChoicePopup.$anonfun$interactiveChooseFolder$3(WorkspaceChoicePopup.scala:31)
	at scala.meta.internal.metals.WorkspaceChoicePopup.$anonfun$interactiveChooseFolder$3$adapted(WorkspaceChoicePopup.scala:31)
	at scala.collection.immutable.List.find(List.scala:414)
	at scala.meta.internal.metals.WorkspaceChoicePopup.$anonfun$interactiveChooseFolder$2(WorkspaceChoicePopup.scala:31)
	at scala.concurrent.impl.Promise$Transformation.run(Promise.scala:467)
	... 3 more

Oct 02, 2024 3:36:34 PM org.eclipse.lsp4j.jsonrpc.RemoteEndpoint fallbackResponseError
SEVERE: Internal error: java.lang.NullPointerException: Cannot invoke "org.eclipse.lsp4j.MessageActionItem.getTitle()" because "item$1" is null
java.util.concurrent.CompletionException: java.lang.NullPointerException: Cannot invoke "org.eclipse.lsp4j.MessageActionItem.getTitle()" because "item$1" is null
	at java.base/java.util.concurrent.CompletableFuture.encodeThrowable(CompletableFuture.java:332)
	at java.base/java.util.concurrent.CompletableFuture.completeThrowable(CompletableFuture.java:347)
	at java.base/java.util.concurrent.CompletableFuture$UniAccept.tryFire(CompletableFuture.java:708)
	at java.base/java.util.concurrent.CompletableFuture.postComplete(CompletableFuture.java:510)
	at java.base/java.util.concurrent.CompletableFuture.completeExceptionally(CompletableFuture.java:2162)
	at scala.concurrent.java8.FuturesConvertersImpl$CF.apply(FutureConvertersImpl.scala:29)
	at scala.concurrent.java8.FuturesConvertersImpl$CF.apply(FutureConvertersImpl.scala:26)
	at scala.concurrent.impl.Promise$Transformation.run(Promise.scala:484)
	at scala.concurrent.ExecutionContext$parasitic$.execute(ExecutionContext.scala:222)
	at scala.concurrent.impl.Promise$Transformation.submitWithValue(Promise.scala:429)
	at scala.concurrent.impl.Promise$DefaultPromise.submitWithValue(Promise.scala:338)
	at scala.concurrent.impl.Promise$DefaultPromise.tryComplete0(Promise.scala:285)
	at scala.concurrent.impl.Promise$Transformation.run(Promise.scala:504)
	at java.base/java.util.concurrent.ThreadPoolExecutor.runWorker(ThreadPoolExecutor.java:1136)
	at java.base/java.util.concurrent.ThreadPoolExecutor$Worker.run(ThreadPoolExecutor.java:635)
	at java.base/java.lang.Thread.run(Thread.java:840)
Caused by: java.lang.NullPointerException: Cannot invoke "org.eclipse.lsp4j.MessageActionItem.getTitle()" because "item$1" is null
	at scala.meta.internal.metals.WorkspaceChoicePopup.$anonfun$interactiveChooseFolder$3(WorkspaceChoicePopup.scala:31)
	at scala.meta.internal.metals.WorkspaceChoicePopup.$anonfun$interactiveChooseFolder$3$adapted(WorkspaceChoicePopup.scala:31)
	at scala.collection.immutable.List.find(List.scala:414)
	at scala.meta.internal.metals.WorkspaceChoicePopup.$anonfun$interactiveChooseFolder$2(WorkspaceChoicePopup.scala:31)
	at scala.concurrent.impl.Promise$Transformation.run(Promise.scala:467)
	... 3 more

2024.10.02 15:36:43 INFO  Shutting down server[0m
2024.10.02 15:36:43 INFO  shutting down Metals[0m
2024.10.02 15:36:43 ERROR Unexpected error initializing server: 
org.eclipse.lsp4j.jsonrpc.ResponseErrorException: Request window/showMessageRequest failed with message: Canceled
	at org.eclipse.lsp4j.jsonrpc.RemoteEndpoint.handleResponse(RemoteEndpoint.java:220)
	at org.eclipse.lsp4j.jsonrpc.RemoteEndpoint.consume(RemoteEndpoint.java:204)
	at org.eclipse.lsp4j.jsonrpc.json.StreamMessageProducer.handleMessage(StreamMessageProducer.java:185)
	at org.eclipse.lsp4j.jsonrpc.json.StreamMessageProducer.listen(StreamMessageProducer.java:97)
	at org.eclipse.lsp4j.jsonrpc.json.ConcurrentMessageProcessor.run(ConcurrentMessageProcessor.java:114)
	at java.util.concurrent.Executors$RunnableAdapter.call(Executors.java:539)
	at java.util.concurrent.FutureTask.run(FutureTask.java:264)
	at java.util.concurrent.ThreadPoolExecutor.runWorker(ThreadPoolExecutor.java:1136)
	at java.util.concurrent.ThreadPoolExecutor$Worker.run(ThreadPoolExecutor.java:635)
	at java.lang.Thread.run(Thread.java:840)
[0m
2024.10.02 15:36:43 INFO  Exiting server[0m
2024.10.02 15:38:04 INFO  Started: Metals version 1.3.5 in folders '/home/anata/VexRiscvcpu' for client Visual Studio Code 1.93.1.[0m
SLF4J(W): Class path contains multiple SLF4J providers.
SLF4J(W): Found provider [scribe.slf4j.ScribeServiceProvider@4c589834]
SLF4J(W): Found provider [ch.qos.logback.classic.spi.LogbackServiceProvider@23da643e]
SLF4J(W): See https://www.slf4j.org/codes.html#multiple_bindings for an explanation.
SLF4J(I): Actual provider is of type [scribe.slf4j.ScribeServiceProvider@4c589834]
2024.10.02 15:38:05 WARN  Flyway upgrade recommended: H2 2.3.230 is newer than this version of Flyway and support has not been tested. The latest supported version of H2 is 2.2.220.[0m
2024.10.02 15:38:05 WARN  Build server is not auto-connectable.[0m
2024.10.02 15:38:15 WARN  Build server is not auto-connectable.[0m
2024.10.02 15:39:00 WARN  Build server is not auto-connectable.[0m
2024.10.02 15:39:28 WARN  Build server is not auto-connectable.[0m
2024.10.02 15:39:40 WARN  no build target for: /home/anata/VexRiscvcpu/build.sbt[0m
2024.10.02 15:39:40 INFO  Detected new build tool in /home/anata/VexRiscvcpu[0m
2024.10.02 15:39:40 INFO  no build target found for /home/anata/VexRiscvcpu/build.sbt. Using presentation compiler with project's scala-library version: 3.3.3[0m
2024.10.02 15:39:40 WARN  Build server is not auto-connectable.[0m
2024.10.02 15:39:42 WARN  Build server is not auto-connectable.[0m
2024.10.02 15:40:35 INFO  Detected new build tool in /home/anata/VexRiscvcpu[0m
2024.10.02 15:40:36 WARN  Build server is not auto-connectable.[0m
2024.10.02 15:41:11 INFO  no build target found for /home/anata/VexRiscvcpu/src/main/scala/vexriscv/myriscv/mycpu.scala. Using presentation compiler with project's scala-library version: 3.3.3[0m
2024.10.02 15:41:11 INFO  no build target found for /home/anata/VexRiscvcpu/src/main/scala/vexriscv/myriscv/mycpu.scala. Using presentation compiler with project's scala-library version: 3.3.3[0m
2024.10.02 15:41:12 INFO  no build target found for /home/anata/VexRiscvcpu/src/main/scala/vexriscv/myriscv/mycpu.scala. Using presentation compiler with project's scala-library version: 3.3.3[0m
2024.10.02 15:43:13 INFO  Detected new build tool in /home/anata/VexRiscvcpu[0m
2024.10.02 15:43:13 INFO  no build target found for /home/anata/VexRiscvcpu/src/main/scala/vexriscv/myriscv/mycpu.scala. Using presentation compiler with project's scala-library version: 3.3.3[0m
2024.10.02 15:43:13 WARN  Build server is not auto-connectable.[0m
2024.10.02 15:53:59 WARN  Build server is not auto-connectable.[0m
2024.10.02 15:54:04 WARN  Build server is not auto-connectable.[0m
2024.10.02 15:54:13 INFO  no build target found for /home/anata/VexRiscvcpu/src/main/scala/vexriscv/myriscv/mycpu.scala. Using presentation compiler with project's scala-library version: 3.3.3[0m
2024.10.02 15:54:13 INFO  no build target found for /home/anata/VexRiscvcpu/src/main/scala/vexriscv/myriscv/mycpu.scala. Using presentation compiler with project's scala-library version: 3.3.3[0m
2024.10.02 15:54:16 INFO  no build target found for /home/anata/VexRiscvcpu/build.sc. Using presentation compiler with project's scala-library version: 3.3.3[0m
2024.10.02 15:54:16 INFO  no build target found for /home/anata/VexRiscvcpu/build.sc. Using presentation compiler with project's scala-library version: 3.3.3[0m
2024.10.02 15:54:17 INFO  no build target found for /home/anata/VexRiscvcpu/build.sc. Using presentation compiler with project's scala-library version: 3.3.3[0m
2024.10.02 15:54:21 INFO  no build target found for /home/anata/VexRiscvcpu/src/main/scala/vexriscv/myriscv/mycpu.scala. Using presentation compiler with project's scala-library version: 3.3.3[0m
2024.10.02 15:54:27 WARN  Build server is not auto-connectable.[0m
2024.10.02 15:54:56 WARN  Build server is not auto-connectable.[0m
2024.10.02 15:55:01 INFO  Detected new build tool in /home/anata/VexRiscvcpu[0m
2024.10.02 15:55:01 WARN  no build target for: /home/anata/VexRiscvcpu/build.sbt[0m
2024.10.02 15:55:01 WARN  Build server is not auto-connectable.[0m
2024.10.02 15:55:17 INFO  no build target found for /home/anata/VexRiscvcpu/src/main/scala/vexriscv/myriscv/mycpu.scala. Using presentation compiler with project's scala-library version: 3.3.3[0m
2024.10.02 15:55:18 INFO  no build target found for /home/anata/VexRiscvcpu/src/main/scala/vexriscv/myriscv/mycpu.scala. Using presentation compiler with project's scala-library version: 3.3.3[0m
Oct 02, 2024 3:55:18 PM org.eclipse.lsp4j.jsonrpc.services.GenericEndpoint notify
INFO: Unsupported notification method: $/setTrace
2024.10.02 15:55:24 INFO  no build target found for /home/anata/VexRiscvcpu/build.sc. Using presentation compiler with project's scala-library version: 3.3.3[0m
2024.10.02 15:57:12 WARN  Build server is not auto-connectable.[0m
2024.10.02 15:57:28 INFO  no build target found for /home/anata/VexRiscvcpu/src/main/scala/vexriscv/myriscv/mycpu.scala. Using presentation compiler with project's scala-library version: 3.3.3[0m
2024.10.02 15:57:28 INFO  no build target found for /home/anata/VexRiscvcpu/src/main/scala/vexriscv/myriscv/mycpu.scala. Using presentation compiler with project's scala-library version: 3.3.3[0m
2024.10.02 15:57:29 INFO  no build target found for /home/anata/VexRiscvcpu/src/main/scala/vexriscv/myriscv/mycpu.scala. Using presentation compiler with project's scala-library version: 3.3.3[0m
2024.10.02 15:57:29 INFO  no build target found for /home/anata/VexRiscvcpu/src/main/scala/vexriscv/myriscv/mycpu.scala. Using presentation compiler with project's scala-library version: 3.3.3[0m
2024.10.02 15:57:30 INFO  no build target found for /home/anata/VexRiscvcpu/src/main/scala/vexriscv/myriscv/mycpu.scala. Using presentation compiler with project's scala-library version: 3.3.3[0m
2024.10.02 15:57:30 INFO  no build target found for /home/anata/VexRiscvcpu/src/main/scala/vexriscv/myriscv/mycpu.scala. Using presentation compiler with project's scala-library version: 3.3.3[0m
2024.10.02 15:57:30 INFO  no build target found for /home/anata/VexRiscvcpu/src/main/scala/vexriscv/myriscv/mycpu.scala. Using presentation compiler with project's scala-library version: 3.3.3[0m
2024.10.02 15:57:32 INFO  no build target found for /home/anata/VexRiscvcpu/src/main/scala/vexriscv/myriscv/mycpu.scala. Using presentation compiler with project's scala-library version: 3.3.3[0m
2024.10.02 15:57:32 WARN  no build target for: /home/anata/VexRiscvcpu/build.sbt[0m
2024.10.02 15:57:32 INFO  Detected new build tool in /home/anata/VexRiscvcpu[0m
2024.10.02 15:57:32 INFO  no build target found for /home/anata/VexRiscvcpu/build.sbt. Using presentation compiler with project's scala-library version: 3.3.3[0m
2024.10.02 15:57:32 INFO  no build target found for /home/anata/VexRiscvcpu/src/main/scala/vexriscv/myriscv/mycpu.scala. Using presentation compiler with project's scala-library version: 3.3.3[0m
2024.10.02 15:57:32 WARN  Build server is not auto-connectable.[0m
2024.10.02 15:57:32 INFO  no build target found for /home/anata/VexRiscvcpu/src/main/scala/vexriscv/myriscv/mycpu.scala. Using presentation compiler with project's scala-library version: 3.3.3[0m
2024.10.02 15:57:51 WARN  Build server is not auto-connectable.[0m
2024.10.02 15:57:56 WARN  no build target for: /home/anata/VexRiscvcpu/build.sbt[0m
2024.10.02 15:57:56 INFO  Detected new build tool in /home/anata/VexRiscvcpu[0m
2024.10.02 15:57:56 WARN  Build server is not auto-connectable.[0m
2024.10.02 15:58:07 INFO  no build target found for /home/anata/VexRiscvcpu/src/main/scala/vexriscv/myriscv/mycpu.scala. Using presentation compiler with project's scala-library version: 3.3.3[0m
2024.10.02 15:58:07 INFO  no build target found for /home/anata/VexRiscvcpu/src/main/scala/vexriscv/myriscv/mycpu.scala. Using presentation compiler with project's scala-library version: 3.3.3[0m
2024.10.02 15:58:13 WARN  Build server is not auto-connectable.[0m
2024.10.02 15:58:13 WARN  Build server is not auto-connectable.[0m
2024.10.02 15:58:14 WARN  Build server is not auto-connectable.[0m
2024.10.02 15:58:14 WARN  Build server is not auto-connectable.[0m
2024.10.02 15:58:17 INFO  no build target found for /home/anata/VexRiscvcpu/src/main/scala/vexriscv/myriscv/mycpu.scala. Using presentation compiler with project's scala-library version: 3.3.3[0m
2024.10.02 15:58:18 INFO  no build target found for /home/anata/VexRiscvcpu/src/main/scala/vexriscv/myriscv/mycpu.scala. Using presentation compiler with project's scala-library version: 3.3.3[0m
2024.10.02 15:58:17 INFO  no build target found for /home/anata/VexRiscvcpu/src/main/scala/vexriscv/myriscv/mycpu.scala. Using presentation compiler with project's scala-library version: 3.3.3[0m
2024.10.02 15:59:49 INFO  no build target found for /home/anata/VexRiscvcpu/src/main/scala/vexriscv/myriscv/mycpu.scala. Using presentation compiler with project's scala-library version: 3.3.3[0m
2024.10.02 16:00:04 WARN  Build server is not auto-connectable.[0m
2024.10.02 16:00:24 INFO  no build target found for /home/anata/VexRiscvcpu/build.sc. Using presentation compiler with project's scala-library version: 3.3.3[0m
2024.10.02 16:00:24 INFO  no build target found for /home/anata/VexRiscvcpu/build.sc. Using presentation compiler with project's scala-library version: 3.3.3[0m
2024.10.02 16:00:28 INFO  no build target found for /home/anata/VexRiscvcpu/build.sc. Using presentation compiler with project's scala-library version: 3.3.3[0m
2024.10.02 16:01:02 INFO  Shutting down server[0m
2024.10.02 16:01:02 INFO  shutting down Metals[0m
2024.10.02 16:01:02 INFO  Exiting server[0m
2024.10.02 16:01:32 INFO  Started: Metals version 1.3.5 in folders '/home/anata/VexRiscvcpu' for client Visual Studio Code 1.93.1.[0m
SLF4J(W): Class path contains multiple SLF4J providers.
SLF4J(W): Found provider [scribe.slf4j.ScribeServiceProvider@184f562]
SLF4J(W): Found provider [ch.qos.logback.classic.spi.LogbackServiceProvider@15cc6236]
SLF4J(W): See https://www.slf4j.org/codes.html#multiple_bindings for an explanation.
SLF4J(I): Actual provider is of type [scribe.slf4j.ScribeServiceProvider@184f562]
2024.10.02 16:01:32 WARN  Flyway upgrade recommended: H2 2.3.230 is newer than this version of Flyway and support has not been tested. The latest supported version of H2 is 2.2.220.[0m
2024.10.02 16:01:37 WARN  Build server is not auto-connectable.[0m
2024.10.02 16:01:53 INFO  no build target found for /home/anata/VexRiscvcpu/build.sc. Using presentation compiler with project's scala-library version: 3.3.3[0m
2024.10.02 16:01:53 INFO  no build target found for /home/anata/VexRiscvcpu/build.sc. Using presentation compiler with project's scala-library version: 3.3.3[0m
2024.10.02 16:01:55 INFO  time: code lens generation in 1.79s[0m
2024.10.02 16:01:59 INFO  no build target found for /home/anata/VexRiscvcpu/build.sc. Using presentation compiler with project's scala-library version: 3.3.3[0m
2024.10.02 16:02:00 INFO  no build target found for /home/anata/VexRiscvcpu/build.sc. Using presentation compiler with project's scala-library version: 3.3.3[0m
2024.10.02 16:02:00 INFO  no build target found for /home/anata/VexRiscvcpu/build.sc. Using presentation compiler with project's scala-library version: 3.3.3[0m
2024.10.02 16:02:02 INFO  no build target found for /home/anata/VexRiscvcpu/build.sc. Using presentation compiler with project's scala-library version: 3.3.3[0m
2024.10.02 16:02:08 WARN  Build server is not auto-connectable.[0m
2024.10.02 16:02:12 WARN  Build server is not auto-connectable.[0m
2024.10.02 16:02:13 WARN  Build server is not auto-connectable.[0m
2024.10.02 16:02:13 WARN  Build server is not auto-connectable.[0m
2024.10.02 16:02:15 WARN  Build server is not auto-connectable.[0m
2024.10.02 16:02:15 WARN  Build server is not auto-connectable.[0m
2024.10.02 16:02:16 WARN  Build server is not auto-connectable.[0m
2024.10.02 16:02:16 WARN  Build server is not auto-connectable.[0m
2024.10.02 16:03:19 INFO  no build target found for /home/anata/VexRiscvcpu/build.sbt. Using presentation compiler with project's scala-library version: 3.3.3[0m
2024.10.02 16:03:19 INFO  Detected new build tool in /home/anata/VexRiscvcpu[0m
2024.10.02 16:03:19 WARN  no build target for: /home/anata/VexRiscvcpu/build.sbt[0m
2024.10.02 16:03:19 WARN  Build server is not auto-connectable.[0m
2024.10.02 16:03:22 WARN  Build server is not auto-connectable.[0m
Oct 02, 2024 4:03:27 PM org.eclipse.lsp4j.jsonrpc.services.GenericEndpoint notify
INFO: Unsupported notification method: $/setTrace
2024.10.02 16:04:19 WARN  Build server is not auto-connectable.[0m
2024.10.02 16:04:20 WARN  Build server is not auto-connectable.[0m
2024.10.02 16:04:20 WARN  Build server is not auto-connectable.[0m
2024.10.02 16:07:18 INFO  no build target found for /home/anata/VexRiscvcpu/src/main/scala/vexriscv/myriscv/mycpu.scala. Using presentation compiler with project's scala-library version: 3.3.3[0m
2024.10.02 16:07:18 INFO  no build target found for /home/anata/VexRiscvcpu/src/main/scala/vexriscv/myriscv/mycpu.scala. Using presentation compiler with project's scala-library version: 3.3.3[0m
2024.10.02 16:07:22 INFO  no build target found for /home/anata/VexRiscvcpu/src/main/scala/vexriscv/myriscv/mycpu.scala. Using presentation compiler with project's scala-library version: 3.3.3[0m
2024.10.02 16:07:22 INFO  no build target found for /home/anata/VexRiscvcpu/src/main/scala/vexriscv/demo/mycpu.scala. Using presentation compiler with project's scala-library version: 3.3.3[0m
Oct 02, 2024 4:07:22 PM org.eclipse.lsp4j.jsonrpc.RemoteEndpoint handleCancellation
WARNING: Unmatched cancel notification for request id 47
2024.10.02 16:07:22 INFO  no build target found for /home/anata/VexRiscvcpu/src/main/scala/vexriscv/demo/mycpu.scala. Using presentation compiler with project's scala-library version: 3.3.3[0m
2024.10.02 16:07:26 INFO  no build target found for /home/anata/VexRiscvcpu/src/main/scala/vexriscv/demo/mycpu.scala. Using presentation compiler with project's scala-library version: 3.3.3[0m
2024.10.02 16:07:26 INFO  no build target found for /home/anata/VexRiscvcpu/src/main/scala/vexriscv/demo/mycpu.scala. Using presentation compiler with project's scala-library version: 3.3.3[0m
2024.10.02 16:07:26 INFO  no build target found for /home/anata/VexRiscvcpu/src/main/scala/vexriscv/demo/mycpu.scala. Using presentation compiler with project's scala-library version: 3.3.3[0m
2024.10.02 16:08:31 INFO  no build target found for /home/anata/VexRiscvcpu/src/main/scala/vexriscv/demo/mycpu.scala. Using presentation compiler with project's scala-library version: 3.3.3[0m
2024.10.02 16:08:54 INFO  no build target found for /home/anata/VexRiscvcpu/src/main/scala/vexriscv/demo/mycpu.scala. Using presentation compiler with project's scala-library version: 3.3.3[0m
Oct 02, 2024 4:08:55 PM org.eclipse.lsp4j.jsonrpc.RemoteEndpoint handleCancellation
WARNING: Unmatched cancel notification for request id 78
Oct 02, 2024 4:08:55 PM org.eclipse.lsp4j.jsonrpc.RemoteEndpoint handleCancellation
WARNING: Unmatched cancel notification for request id 79
2024.10.02 16:08:56 INFO  no build target found for /home/anata/VexRiscvcpu/src/main/scala/vexriscv/demo/mycpu.scala. Using presentation compiler with project's scala-library version: 3.3.3[0m
2024.10.02 16:08:58 INFO  no build target found for /home/anata/VexRiscvcpu/src/main/scala/vexriscv/demo/mycpu.scala. Using presentation compiler with project's scala-library version: 3.3.3[0m
2024.10.02 16:09:05 WARN  Build server is not auto-connectable.[0m
2024.10.02 16:09:11 INFO  no build target found for /home/anata/VexRiscvcpu/build.sc. Using presentation compiler with project's scala-library version: 3.3.3[0m
2024.10.02 16:09:11 INFO  no build target found for /home/anata/VexRiscvcpu/build.sc. Using presentation compiler with project's scala-library version: 3.3.3[0m
2024.10.02 16:11:15 WARN  Build server is not auto-connectable.[0m
2024.10.02 16:11:24 WARN  Build server is not auto-connectable.[0m
2024.10.02 16:11:24 WARN  Build server is not auto-connectable.[0m
2024.10.02 16:11:24 WARN  Build server is not auto-connectable.[0m
2024.10.02 16:11:25 WARN  Build server is not auto-connectable.[0m
2024.10.02 16:11:25 WARN  Build server is not auto-connectable.[0m
Oct 02, 2024 4:12:03 PM org.eclipse.lsp4j.jsonrpc.services.GenericEndpoint notify
INFO: Unsupported notification method: $/setTrace
Oct 02, 2024 4:12:20 PM org.eclipse.lsp4j.jsonrpc.services.GenericEndpoint notify
INFO: Unsupported notification method: $/setTrace
2024.10.02 16:12:20 INFO  no build target found for /home/anata/VexRiscvcpu/build.sbt. Using presentation compiler with project's scala-library version: 3.3.3[0m
2024.10.02 16:12:24 INFO  no build target found for /home/anata/VexRiscvcpu/build.sc. Using presentation compiler with project's scala-library version: 3.3.3[0m
2024.10.02 16:12:25 INFO  no build target found for /home/anata/VexRiscvcpu/build.sbt. Using presentation compiler with project's scala-library version: 3.3.3[0m
2024.10.02 16:12:28 WARN  Build server is not auto-connectable.[0m
2024.10.02 16:12:42 INFO  no build target found for /home/anata/VexRiscvcpu/build.sc. Using presentation compiler with project's scala-library version: 3.3.3[0m
2024.10.02 16:13:33 INFO  no build target found for /home/anata/VexRiscvcpu/build.sbt. Using presentation compiler with project's scala-library version: 3.3.3[0m
2024.10.02 16:13:39 INFO  no build target found for /home/anata/VexRiscvcpu/build.sbt. Using presentation compiler with project's scala-library version: 3.3.3[0m
Oct 02, 2024 4:13:39 PM org.eclipse.lsp4j.jsonrpc.services.GenericEndpoint notify
INFO: Unsupported notification method: $/setTrace
2024.10.02 16:18:49 INFO  Detected new build tool in /home/anata/VexRiscvcpu[0m
2024.10.02 16:18:49 WARN  no build target for: /home/anata/VexRiscvcpu/build.sbt[0m
2024.10.02 16:18:49 INFO  no build target found for /home/anata/VexRiscvcpu/build.sbt. Using presentation compiler with project's scala-library version: 3.3.3[0m
2024.10.02 16:18:49 WARN  Build server is not auto-connectable.[0m
2024.10.02 16:19:58 INFO  Shutting down server[0m
2024.10.02 16:19:58 INFO  shutting down Metals[0m
2024.10.02 16:19:58 INFO  Exiting server[0m
2024.10.02 16:20:05 INFO  Started: Metals version 1.3.5 in folders '/home/anata/VexRiscvcpu' for client Visual Studio Code 1.93.1.[0m
SLF4J(W): Class path contains multiple SLF4J providers.
SLF4J(W): Found provider [scribe.slf4j.ScribeServiceProvider@49f6ee2a]
SLF4J(W): Found provider [ch.qos.logback.classic.spi.LogbackServiceProvider@1cc0688a]
SLF4J(W): See https://www.slf4j.org/codes.html#multiple_bindings for an explanation.
SLF4J(I): Actual provider is of type [scribe.slf4j.ScribeServiceProvider@49f6ee2a]
2024.10.02 16:20:07 WARN  Flyway upgrade recommended: H2 2.3.230 is newer than this version of Flyway and support has not been tested. The latest supported version of H2 is 2.2.220.[0m
2024.10.02 16:20:13 INFO  running '/usr/bin/sbt -Dbloop.export-jar-classifiers=sources bloopInstall'[0m
2024.10.02 16:20:13 WARN  no build target for: /home/anata/VexRiscvcpu/project/metals.sbt[0m
2024.10.02 16:20:14 WARN  no build target for: /home/anata/VexRiscvcpu/project/project/metals.sbt[0m
2024.10.02 16:20:14 INFO  no build target found for /home/anata/VexRiscvcpu/project/metals.sbt. Using presentation compiler with project's scala-library version: 3.3.3[0m
2024.10.02 16:20:14 INFO  [info] welcome to sbt 1.7.0 (Ubuntu Java 17.0.12)[0m
2024.10.02 16:20:16 INFO  no build target found for /home/anata/VexRiscvcpu/project/project/metals.sbt. Using presentation compiler with project's scala-library version: 3.3.3[0m
2024.10.02 16:20:17 INFO  [info] loading settings for project vexriscvcpu-build-build from metals.sbt ...[0m
2024.10.02 16:20:17 INFO  [info] loading project definition from /home/anata/VexRiscvcpu/project/project[0m
2024.10.02 16:20:19 INFO  [info] loading settings for project vexriscvcpu-build from metals.sbt ...[0m
2024.10.02 16:20:19 INFO  [info] loading project definition from /home/anata/VexRiscvcpu/project[0m
2024.10.02 16:20:21 INFO  [success] Generated .bloop/vexriscvcpu-build.json[0m
2024.10.02 16:20:21 INFO  [success] Total time: 2 s, completed Oct 2, 2024, 4:20:21 PM[0m
2024.10.02 16:20:22 INFO  [info] loading settings for project root from build.sbt ...[0m
2024.10.02 16:20:22 INFO  [info] set current project to VexRiscv (in build file:/home/anata/VexRiscvcpu/)[0m
2024.10.02 16:20:29 INFO  [success] Generated .bloop/root-test.json[0m
2024.10.02 16:20:29 INFO  [success] Generated .bloop/root.json[0m
2024.10.02 16:20:29 INFO  [success] Total time: 7 s, completed Oct 2, 2024, 4:20:29 PM[0m
2024.10.02 16:20:30 INFO  time: ran 'sbt bloopInstall' in 16s[0m
2024.10.02 16:20:30 INFO  Attempting to connect to the build server...[0m
2024.10.02 16:20:30 INFO  tracing is disabled for protocol BSP, to enable tracing of incoming and outgoing JSON messages create an empty file at /home/anata/VexRiscvcpu/.metals/bsp.trace.json or /home/anata/.cache/metals/bsp.trace.json[0m
2024.10.02 16:20:30 INFO  Attempting to connect to the build server...[0m
2024.10.02 16:20:30 INFO  tracing is disabled for protocol BSP, to enable tracing of incoming and outgoing JSON messages create an empty file at /home/anata/VexRiscvcpu/project/.metals/bsp.trace.json or /home/anata/.cache/metals/bsp.trace.json[0m
2024.10.02 16:20:30 INFO  time: Connected to build server in 0.25s[0m
2024.10.02 16:20:30 INFO  Connected to Build server: Bloop v1.6.0[0m
2024.10.02 16:20:30 INFO  running doctor check[0m
2024.10.02 16:20:30 INFO  java targets: root, vexriscvcpu-build, root-test[0m
2024.10.02 16:20:33 WARN  Could not find java sources in /usr/lib/jvm/src.zip, /usr/lib/jvm/lib/src.zip, /usr/lib/jvm/java-17-openjdk-amd64/src.zip, /usr/lib/jvm/java-17-openjdk-amd64/lib/src.zip. Java symbols will not be available.[0m
2024.10.02 16:20:39 WARN  Could not find java sources in /usr/lib/jvm/src.zip, /usr/lib/jvm/lib/src.zip, /usr/lib/jvm/java-17-openjdk-amd64/src.zip, /usr/lib/jvm/java-17-openjdk-amd64/lib/src.zip. Java symbols will not be available.[0m
2024.10.02 16:20:39 INFO  time: indexed workspace in 8.73s[0m
2024.10.02 16:21:38 INFO  running '/usr/bin/sbt -Dbloop.export-jar-classifiers=sources bloopInstall'[0m
2024.10.02 16:21:39 INFO  [info] welcome to sbt 1.7.0 (Ubuntu Java 17.0.12)[0m
2024.10.02 16:21:39 INFO  [info] loading settings for project vexriscvcpu-build-build from metals.sbt ...[0m
2024.10.02 16:21:41 INFO  [info] loading project definition from /home/anata/VexRiscvcpu/project/project[0m
2024.10.02 16:21:41 INFO  [info] loading settings for project vexriscvcpu-build from metals.sbt ...[0m
2024.10.02 16:21:41 INFO  [info] loading project definition from /home/anata/VexRiscvcpu/project[0m
2024.10.02 16:21:43 INFO  [success] Generated .bloop/vexriscvcpu-build.json[0m
2024.10.02 16:21:43 INFO  [success] Total time: 2 s, completed Oct 2, 2024, 4:21:43 PM[0m
2024.10.02 16:21:45 INFO  [info] loading settings for project root from build.sbt ...[0m
2024.10.02 16:21:45 INFO  [info] set current project to VexRiscv (in build file:/home/anata/VexRiscvcpu/)[0m
2024.10.02 16:21:45 INFO  [success] Generated .bloop/root-test.json[0m
2024.10.02 16:21:45 INFO  [success] Generated .bloop/root.json[0m
2024.10.02 16:21:45 INFO  [success] Total time: 1 s, completed Oct 2, 2024, 4:21:46 PM[0m
2024.10.02 16:21:46 INFO  time: ran 'sbt bloopInstall' in 8.17s[0m
2024.10.02 16:21:46 INFO  Disconnecting from Bloop session...[0m
2024.10.02 16:21:46 INFO  Shut down connection with build server.[0m
2024.10.02 16:21:46 INFO  Shut down connection with build server.[0m
2024.10.02 16:21:46 INFO  Attempting to connect to the build server...[0m
2024.10.02 16:21:46 INFO  tracing is disabled for protocol BSP, to enable tracing of incoming and outgoing JSON messages create an empty file at /home/anata/VexRiscvcpu/.metals/bsp.trace.json or /home/anata/.cache/metals/bsp.trace.json[0m
2024.10.02 16:21:46 INFO  Attempting to connect to the build server...[0m
2024.10.02 16:21:46 INFO  tracing is disabled for protocol BSP, to enable tracing of incoming and outgoing JSON messages create an empty file at /home/anata/VexRiscvcpu/project/.metals/bsp.trace.json or /home/anata/.cache/metals/bsp.trace.json[0m
2024.10.02 16:21:46 INFO  time: Connected to build server in 69ms[0m
2024.10.02 16:21:46 INFO  Connected to Build server: Bloop v1.6.0[0m
2024.10.02 16:21:46 INFO  running doctor check[0m
2024.10.02 16:21:46 INFO  java targets: root, vexriscvcpu-build, root-test[0m
2024.10.02 16:21:48 WARN  Could not find java sources in /usr/lib/jvm/src.zip, /usr/lib/jvm/lib/src.zip, /usr/lib/jvm/java-17-openjdk-amd64/src.zip, /usr/lib/jvm/java-17-openjdk-amd64/lib/src.zip. Java symbols will not be available.[0m
2024.10.02 16:21:48 WARN  Could not find java sources in /usr/lib/jvm/src.zip, /usr/lib/jvm/lib/src.zip, /usr/lib/jvm/java-17-openjdk-amd64/src.zip, /usr/lib/jvm/java-17-openjdk-amd64/lib/src.zip. Java symbols will not be available.[0m
2024.10.02 16:21:48 INFO  time: indexed workspace in 1.66s[0m
2024.10.02 16:21:53 INFO  compiling root (98 scala sources)[0m
2024.10.02 16:22:26 WARN  171 deprecations[0m
2024.10.02 16:22:26 WARN  17 deprecations (since 1.3.0)[0m
2024.10.02 16:22:26 WARN  one deprecation (since ???)[0m
2024.10.02 16:22:26 WARN  23 deprecations (since SpinalHDL 1.3.1)[0m
2024.10.02 16:22:26 WARN  212 deprecations in total; re-run with -deprecation for details[0m
2024.10.02 16:22:26 WARN  two feature warnings; re-run with -feature for details[0m
2024.10.02 16:22:26 INFO  time: compiled root in 34s[0m
Oct 02, 2024 4:22:53 PM org.eclipse.lsp4j.jsonrpc.RemoteEndpoint handleCancellation
WARNING: Unmatched cancel notification for request id 33
Oct 02, 2024 4:24:14 PM org.eclipse.lsp4j.jsonrpc.RemoteEndpoint handleCancellation
WARNING: Unmatched cancel notification for request id 144
2024.10.02 16:24:18 INFO  compiling root (1 scala source)[0m
2024.10.02 16:24:21 WARN  one deprecation[0m
2024.10.02 16:24:21 WARN  three deprecations (since SpinalHDL 1.3.1)[0m
2024.10.02 16:24:21 WARN  four deprecations in total; re-run with -deprecation for details[0m
2024.10.02 16:24:21 INFO  time: compiled root in 2.66s[0m
Oct 02, 2024 4:25:31 PM org.eclipse.lsp4j.jsonrpc.services.GenericEndpoint notify
INFO: Unsupported notification method: $/setTrace
2024.10.02 17:41:03 INFO  Shutting down server[0m
2024.10.02 17:41:03 INFO  shutting down Metals[0m
2024.10.02 17:41:03 INFO  Shut down connection with build server.[0m
2024.10.02 17:41:03 INFO  Shut down connection with build server.[0m
2024.10.02 17:41:03 INFO  Exiting server[0m
2024.10.02 19:24:34 INFO  Started: Metals version 1.3.5 in folders '/home/anata/VexRiscvcpu' for client Visual Studio Code 1.93.1.[0m
SLF4J(W): Class path contains multiple SLF4J providers.
SLF4J(W): Found provider [scribe.slf4j.ScribeServiceProvider@532b5395]
SLF4J(W): Found provider [ch.qos.logback.classic.spi.LogbackServiceProvider@e2afe16]
SLF4J(W): See https://www.slf4j.org/codes.html#multiple_bindings for an explanation.
SLF4J(I): Actual provider is of type [scribe.slf4j.ScribeServiceProvider@532b5395]
2024.10.02 19:24:34 WARN  Flyway upgrade recommended: H2 2.3.230 is newer than this version of Flyway and support has not been tested. The latest supported version of H2 is 2.2.220.[0m
2024.10.02 19:24:35 INFO  Attempting to connect to the build server...[0m
2024.10.02 19:24:37 INFO  tracing is disabled for protocol BSP, to enable tracing of incoming and outgoing JSON messages create an empty file at /home/anata/VexRiscvcpu/.metals/bsp.trace.json or /home/anata/.cache/metals/bsp.trace.json[0m
2024.10.02 19:24:37 INFO  Attempting to connect to the build server...[0m
2024.10.02 19:24:37 INFO  tracing is disabled for protocol BSP, to enable tracing of incoming and outgoing JSON messages create an empty file at /home/anata/VexRiscvcpu/project/.metals/bsp.trace.json or /home/anata/.cache/metals/bsp.trace.json[0m
2024.10.02 19:24:37 INFO  time: Connected to build server in 2.95s[0m
2024.10.02 19:24:37 INFO  Connected to Build server: Bloop v1.6.0[0m
2024.10.02 19:24:38 INFO  time: Imported build in 0.14s[0m
2024.10.02 19:24:38 INFO  running doctor check[0m
2024.10.02 19:24:38 INFO  java targets: root, vexriscvcpu-build, root-test[0m
2024.10.02 19:24:41 WARN  Could not find java sources in /usr/lib/jvm/src.zip, /usr/lib/jvm/lib/src.zip, /usr/lib/jvm/java-17-openjdk-amd64/src.zip, /usr/lib/jvm/java-17-openjdk-amd64/lib/src.zip. Java symbols will not be available.[0m
2024.10.02 19:24:41 WARN  Could not find java sources in /usr/lib/jvm/src.zip, /usr/lib/jvm/lib/src.zip, /usr/lib/jvm/java-17-openjdk-amd64/src.zip, /usr/lib/jvm/java-17-openjdk-amd64/lib/src.zip. Java symbols will not be available.[0m
2024.10.02 19:24:41 INFO  time: indexed workspace in 3.58s[0m
2024.10.02 20:03:39 INFO  compiling root (1 scala source)[0m
2024.10.02 20:03:41 INFO  Deduplicating compilation of root from bsp client 'Metals 1.3.5' (since 39m 3.633s)[0m
2024.10.02 20:03:41 INFO  compiling root (1 scala source)[0m
2024.10.02 20:03:46 INFO  compiling root (1 scala source)[0m
2024.10.02 20:03:46 WARN  one deprecation[0m
2024.10.02 20:03:46 WARN  three deprecations (since SpinalHDL 1.3.1)[0m
2024.10.02 20:03:46 WARN  one deprecation[0m
2024.10.02 20:03:46 WARN  four deprecations in total; re-run with -deprecation for details[0m
2024.10.02 20:03:46 WARN  three deprecations (since SpinalHDL 1.3.1)[0m
2024.10.02 20:03:46 WARN  four deprecations in total; re-run with -deprecation for details[0m
2024.10.02 20:03:48 INFO  time: compiled root in 1.53s[0m
2024.10.02 20:03:50 WARN  one deprecation[0m
2024.10.02 20:03:50 WARN  three deprecations (since SpinalHDL 1.3.1)[0m
2024.10.02 20:03:50 WARN  four deprecations in total; re-run with -deprecation for details[0m
2024.10.02 22:53:32 INFO  Shutting down server[0m
2024.10.02 22:53:32 INFO  shutting down Metals[0m
2024.10.02 22:53:32 INFO  Shut down connection with build server.[0m
2024.10.02 22:53:32 INFO  Shut down connection with build server.[0m
2024.10.02 22:53:32 INFO  Exiting server[0m
2024.10.03 23:17:30 INFO  Started: Metals version 1.3.5 in folders '/home/anata/VexRiscvcpu' for client Visual Studio Code 1.93.1.[0m
SLF4J(W): Class path contains multiple SLF4J providers.
SLF4J(W): Found provider [scribe.slf4j.ScribeServiceProvider@4af37efe]
SLF4J(W): Found provider [ch.qos.logback.classic.spi.LogbackServiceProvider@7e68d7a6]
SLF4J(W): See https://www.slf4j.org/codes.html#multiple_bindings for an explanation.
SLF4J(I): Actual provider is of type [scribe.slf4j.ScribeServiceProvider@4af37efe]
2024.10.03 23:17:31 WARN  Flyway upgrade recommended: H2 2.3.230 is newer than this version of Flyway and support has not been tested. The latest supported version of H2 is 2.2.220.[0m
2024.10.03 23:17:31 INFO  Attempting to connect to the build server...[0m
2024.10.03 23:17:31 INFO  tracing is disabled for protocol BSP, to enable tracing of incoming and outgoing JSON messages create an empty file at /home/anata/VexRiscvcpu/.metals/bsp.trace.json or /home/anata/.cache/metals/bsp.trace.json[0m
2024.10.03 23:17:32 INFO  Attempting to connect to the build server...[0m
2024.10.03 23:17:32 INFO  tracing is disabled for protocol BSP, to enable tracing of incoming and outgoing JSON messages create an empty file at /home/anata/VexRiscvcpu/project/.metals/bsp.trace.json or /home/anata/.cache/metals/bsp.trace.json[0m
2024.10.03 23:17:32 INFO  time: Connected to build server in 1.05s[0m
2024.10.03 23:17:32 INFO  Connected to Build server: Bloop v1.6.0[0m
2024.10.03 23:17:32 INFO  running doctor check[0m
2024.10.03 23:17:32 INFO  java targets: root, vexriscvcpu-build, root-test[0m
2024.10.03 23:17:37 WARN  Could not find java sources in /usr/lib/jvm/src.zip, /usr/lib/jvm/lib/src.zip, /usr/lib/jvm/java-17-openjdk-amd64/src.zip, /usr/lib/jvm/java-17-openjdk-amd64/lib/src.zip. Java symbols will not be available.[0m
2024.10.03 23:17:37 WARN  Could not find java sources in /usr/lib/jvm/src.zip, /usr/lib/jvm/lib/src.zip, /usr/lib/jvm/java-17-openjdk-amd64/src.zip, /usr/lib/jvm/java-17-openjdk-amd64/lib/src.zip. Java symbols will not be available.[0m
2024.10.03 23:17:37 INFO  time: indexed workspace in 5.75s[0m
2024.10.03 23:18:02 INFO  time: code lens generation in 2.11s[0m
2024.10.03 23:18:02 INFO  time: code lens generation in 1.73s[0m
Oct 03, 2024 11:18:03 PM org.eclipse.lsp4j.jsonrpc.RemoteEndpoint handleCancellation
WARNING: Unmatched cancel notification for request id 11
2024.10.03 23:18:15 INFO  compiling root (1 scala source)[0m
2024.10.03 23:18:18 WARN  one deprecation[0m
2024.10.03 23:18:18 WARN  6 deprecations (since SpinalHDL 1.3.1)[0m
2024.10.03 23:18:18 WARN  7 deprecations in total; re-run with -deprecation for details[0m
2024.10.03 23:18:18 INFO  time: compiled root in 3.72s[0m
2024.10.03 23:20:07 INFO  compiling root (1 scala source)[0m
2024.10.03 23:20:09 WARN  one deprecation[0m
2024.10.03 23:20:09 WARN  6 deprecations (since SpinalHDL 1.3.1)[0m
2024.10.03 23:20:09 WARN  7 deprecations in total; re-run with -deprecation for details[0m
2024.10.03 23:20:09 INFO  time: compiled root in 2.04s[0m
2024.10.03 23:20:11 INFO  running '/usr/bin/sbt -Dbloop.export-jar-classifiers=sources bloopInstall'[0m
2024.10.03 23:20:12 INFO  [info] welcome to sbt 1.7.0 (Ubuntu Java 17.0.12)[0m
2024.10.03 23:20:12 INFO  [info] loading settings for project vexriscvcpu-build-build from metals.sbt ...[0m
2024.10.03 23:20:13 INFO  [info] loading project definition from /home/anata/VexRiscvcpu/project/project[0m
2024.10.03 23:20:13 INFO  [info] loading settings for project vexriscvcpu-build from metals.sbt ...[0m
2024.10.03 23:20:13 INFO  [info] loading project definition from /home/anata/VexRiscvcpu/project[0m
2024.10.03 23:20:15 INFO  [success] Generated .bloop/vexriscvcpu-build.json[0m
2024.10.03 23:20:15 INFO  [success] Total time: 1 s, completed Oct 3, 2024, 11:20:15 PM[0m
2024.10.03 23:20:15 INFO  [info] loading settings for project root from build.sbt ...[0m
2024.10.03 23:20:15 INFO  [info] set current project to VexRiscv (in build file:/home/anata/VexRiscvcpu/)[0m
2024.10.03 23:20:15 INFO  [success] Generated .bloop/root.json[0m
2024.10.03 23:20:15 INFO  [success] Generated .bloop/root-test.json[0m
2024.10.03 23:20:15 INFO  [success] Total time: 0 s, completed Oct 3, 2024, 11:20:16 PM[0m
2024.10.03 23:20:16 INFO  time: ran 'sbt bloopInstall' in 5.37s[0m
2024.10.03 23:20:16 INFO  Disconnecting from Bloop session...[0m
2024.10.03 23:20:16 INFO  Shut down connection with build server.[0m
2024.10.03 23:20:16 INFO  Shut down connection with build server.[0m
2024.10.03 23:20:16 INFO  Attempting to connect to the build server...[0m
2024.10.03 23:20:16 INFO  tracing is disabled for protocol BSP, to enable tracing of incoming and outgoing JSON messages create an empty file at /home/anata/VexRiscvcpu/.metals/bsp.trace.json or /home/anata/.cache/metals/bsp.trace.json[0m
2024.10.03 23:20:16 INFO  Attempting to connect to the build server...[0m
2024.10.03 23:20:16 INFO  tracing is disabled for protocol BSP, to enable tracing of incoming and outgoing JSON messages create an empty file at /home/anata/VexRiscvcpu/project/.metals/bsp.trace.json or /home/anata/.cache/metals/bsp.trace.json[0m
2024.10.03 23:20:16 INFO  time: Connected to build server in 67ms[0m
2024.10.03 23:20:16 INFO  Connected to Build server: Bloop v1.6.0[0m
2024.10.03 23:20:16 INFO  running doctor check[0m
2024.10.03 23:20:16 INFO  java targets: root, vexriscvcpu-build, root-test[0m
2024.10.03 23:20:17 WARN  Could not find java sources in /usr/lib/jvm/src.zip, /usr/lib/jvm/lib/src.zip, /usr/lib/jvm/java-17-openjdk-amd64/src.zip, /usr/lib/jvm/java-17-openjdk-amd64/lib/src.zip. Java symbols will not be available.[0m
2024.10.03 23:20:17 WARN  Could not find java sources in /usr/lib/jvm/src.zip, /usr/lib/jvm/lib/src.zip, /usr/lib/jvm/java-17-openjdk-amd64/src.zip, /usr/lib/jvm/java-17-openjdk-amd64/lib/src.zip. Java symbols will not be available.[0m
2024.10.03 23:20:17 INFO  time: indexed workspace in 1.41s[0m
2024.10.03 23:43:49 INFO  Shutting down server[0m
2024.10.03 23:43:49 INFO  shutting down Metals[0m
2024.10.03 23:43:49 INFO  Shut down connection with build server.[0m
2024.10.03 23:43:49 INFO  Shut down connection with build server.[0m
2024.10.03 23:43:49 INFO  Exiting server[0m
2024.10.06 22:56:44 INFO  Started: Metals version 1.3.5 in folders '/home/anata/VexRiscvcpu' for client Visual Studio Code 1.94.0.[0m
SLF4J(W): Class path contains multiple SLF4J providers.
SLF4J(W): Found provider [scribe.slf4j.ScribeServiceProvider@7d8d170d]
SLF4J(W): Found provider [ch.qos.logback.classic.spi.LogbackServiceProvider@7fbfcf37]
SLF4J(W): See https://www.slf4j.org/codes.html#multiple_bindings for an explanation.
SLF4J(I): Actual provider is of type [scribe.slf4j.ScribeServiceProvider@7d8d170d]
2024.10.06 22:56:44 WARN  Flyway upgrade recommended: H2 2.3.230 is newer than this version of Flyway and support has not been tested. The latest supported version of H2 is 2.2.220.[0m
2024.10.06 22:56:45 INFO  Attempting to connect to the build server...[0m
2024.10.06 22:56:46 INFO  no build target found for /home/anata/VexRiscvcpu/src/main/scala/vexriscv/demo/mycpu.scala. Using presentation compiler with project's scala-library version: 3.3.3[0m
2024.10.06 22:57:02 INFO  no build target found for /home/anata/VexRiscvcpu/src/main/scala/vexriscv/demo/mycpu.scala. Using presentation compiler with project's scala-library version: 3.3.3[0m
2024.10.06 22:57:04 INFO  no build target found for /home/anata/VexRiscvcpu/src/main/scala/vexriscv/demo/mycpu.scala. Using presentation compiler with project's scala-library version: 3.3.3[0m
2024.10.06 22:57:19 INFO  no build target found for /home/anata/VexRiscvcpu/src/main/scala/vexriscv/demo/mycpu.scala. Using presentation compiler with project's scala-library version: 3.3.3[0m
2024.10.06 22:57:20 INFO  no build target found for /home/anata/VexRiscvcpu/src/main/scala/vexriscv/demo/mycpu.scala. Using presentation compiler with project's scala-library version: 3.3.3[0m
2024.10.06 22:57:20 INFO  no build target found for /home/anata/VexRiscvcpu/src/main/scala/vexriscv/demo/mycpu.scala. Using presentation compiler with project's scala-library version: 3.3.3[0m
2024.10.06 22:57:21 INFO  no build target found for /home/anata/VexRiscvcpu/src/main/scala/vexriscv/demo/mycpu.scala. Using presentation compiler with project's scala-library version: 3.3.3[0m
2024.10.06 22:57:21 INFO  no build target found for /home/anata/VexRiscvcpu/src/main/scala/vexriscv/demo/mycpu.scala. Using presentation compiler with project's scala-library version: 3.3.3[0m
2024.10.06 22:57:21 INFO  no build target found for /home/anata/VexRiscvcpu/src/main/scala/vexriscv/demo/mycpu.scala. Using presentation compiler with project's scala-library version: 3.3.3[0m
2024.10.06 22:57:22 INFO  no build target found for /home/anata/VexRiscvcpu/src/main/scala/vexriscv/demo/mycpu.scala. Using presentation compiler with project's scala-library version: 3.3.3[0m
2024.10.06 22:57:22 INFO  no build target found for /home/anata/VexRiscvcpu/src/main/scala/vexriscv/demo/mycpu.scala. Using presentation compiler with project's scala-library version: 3.3.3[0m
2024.10.06 22:57:25 INFO  no build target found for /home/anata/VexRiscvcpu/src/main/scala/vexriscv/demo/mycpu.scala. Using presentation compiler with project's scala-library version: 3.3.3[0m
2024.10.06 22:57:25 INFO  no build target found for /home/anata/VexRiscvcpu/src/main/scala/vexriscv/demo/mycpu.scala. Using presentation compiler with project's scala-library version: 3.3.3[0m
2024.10.06 22:57:25 INFO  no build target found for /home/anata/VexRiscvcpu/src/main/scala/vexriscv/demo/mycpu.scala. Using presentation compiler with project's scala-library version: 3.3.3[0m
2024.10.06 22:57:26 INFO  no build target found for /home/anata/VexRiscvcpu/src/main/scala/vexriscv/demo/mycpu.scala. Using presentation compiler with project's scala-library version: 3.3.3[0m
2024.10.06 22:57:26 INFO  no build target found for /home/anata/VexRiscvcpu/src/main/scala/vexriscv/demo/mycpu.scala. Using presentation compiler with project's scala-library version: 3.3.3[0m
2024.10.06 22:57:26 INFO  no build target found for /home/anata/VexRiscvcpu/src/main/scala/vexriscv/demo/mycpu.scala. Using presentation compiler with project's scala-library version: 3.3.3[0m
2024.10.06 22:57:27 INFO  no build target found for /home/anata/VexRiscvcpu/src/main/scala/vexriscv/demo/mycpu.scala. Using presentation compiler with project's scala-library version: 3.3.3[0m
2024.10.06 22:57:28 WARN  no build target for: /home/anata/VexRiscvcpu/src/main/scala/vexriscv/demo/mycpu.scala[0m
2024.10.06 22:57:27 INFO  no build target found for /home/anata/VexRiscvcpu/src/main/scala/vexriscv/demo/mycpu.scala. Using presentation compiler with project's scala-library version: 3.3.3[0m
2024.10.06 22:57:28 INFO  no build target found for /home/anata/VexRiscvcpu/src/main/scala/vexriscv/demo/mycpu.scala. Using presentation compiler with project's scala-library version: 3.3.3[0m
2024.10.06 22:57:46 ERROR Starting the bsp launcher for bloop...[0m
2024.10.06 22:57:46 ERROR Opening a bsp server connection with 'bsp --protocol local --socket /tmp/bsp-launcher1179052971965717201/bsp.socket'...[0m
2024.10.06 22:57:46 ERROR Waiting for the bsp connection to come up...[0m
2024.10.06 22:57:46 ERROR Waiting for the bsp connection to come up...[0m
2024.10.06 22:57:46 ERROR Waiting for the bsp connection to come up...[0m
2024.10.06 22:57:46 ERROR Waiting for the bsp connection to come up...[0m
2024.10.06 22:57:46 ERROR Waiting for the bsp connection to come up...[0m
2024.10.06 22:57:46 ERROR Waiting for the bsp connection to come up...[0m
2024.10.06 22:57:46 ERROR Waiting for the bsp connection to come up...[0m
2024.10.06 22:57:46 ERROR Waiting for the bsp connection to come up...[0m
2024.10.06 22:57:46 ERROR Waiting for the bsp connection to come up...[0m
2024.10.06 22:57:46 ERROR Waiting for the bsp connection to come up...[0m
2024.10.06 22:57:46 ERROR Waiting for the bsp connection to come up...[0m
2024.10.06 22:57:46 ERROR Waiting for the bsp connection to come up...[0m
2024.10.06 22:57:46 ERROR Waiting for the bsp connection to come up...[0m
2024.10.06 22:57:46 ERROR Waiting for the bsp connection to come up...[0m
2024.10.06 22:57:46 ERROR Waiting for the bsp connection to come up...[0m
2024.10.06 22:57:46 ERROR Waiting for the bsp connection to come up...[0m
2024.10.06 22:57:46 ERROR Waiting for the bsp connection to come up...[0m
2024.10.06 22:57:46 ERROR Waiting for the bsp connection to come up...[0m
2024.10.06 22:57:46 ERROR Waiting for the bsp connection to come up...[0m
2024.10.06 22:57:46 ERROR Waiting for the bsp connection to come up...[0m
2024.10.06 22:57:46 ERROR Waiting for the bsp connection to come up...[0m
2024.10.06 22:57:46 ERROR Waiting for the bsp connection to come up...[0m
2024.10.06 22:57:46 ERROR Waiting for the bsp connection to come up...[0m
2024.10.06 22:57:46 ERROR Waiting for the bsp connection to come up...[0m
2024.10.06 22:57:46 ERROR Waiting for the bsp connection to come up...[0m
2024.10.06 22:57:46 ERROR Waiting for the bsp connection to come up...[0m
2024.10.06 22:57:46 ERROR Waiting for the bsp connection to come up...[0m
2024.10.06 22:57:46 ERROR Waiting for the bsp connection to come up...[0m
2024.10.06 22:57:46 ERROR Waiting for the bsp connection to come up...[0m
2024.10.06 22:57:46 ERROR Waiting for the bsp connection to come up...[0m
2024.10.06 22:57:46 ERROR Waiting for the bsp connection to come up...[0m
2024.10.06 22:57:46 ERROR error: Giving up on waiting for a connection, printing embedded bloop logs:[0m
2024.10.06 22:57:46 ERROR > [0m
2024.10.06 22:57:46 ERROR error: Trying a tcp-based connection to the server instead...[0m
2024.10.06 22:57:46 ERROR Opening a bsp server connection with 'bsp --protocol tcp --port 38497'...[0m
2024.10.06 22:57:46 ERROR Waiting for the bsp connection to come up...[0m
2024.10.06 22:57:46 ERROR Waiting for the bsp connection to come up...[0m
2024.10.06 22:57:46 ERROR Waiting for the bsp connection to come up...[0m
2024.10.06 22:57:46 ERROR Waiting for the bsp connection to come up...[0m
2024.10.06 22:57:46 ERROR Waiting for the bsp connection to come up...[0m
2024.10.06 22:57:46 ERROR Waiting for the bsp connection to come up...[0m
2024.10.06 22:57:46 ERROR Waiting for the bsp connection to come up...[0m
2024.10.06 22:57:46 ERROR Waiting for the bsp connection to come up...[0m
2024.10.06 22:57:46 ERROR Waiting for the bsp connection to come up...[0m
2024.10.06 22:57:46 ERROR Waiting for the bsp connection to come up...[0m
2024.10.06 22:57:46 ERROR Waiting for the bsp connection to come up...[0m
2024.10.06 22:57:46 ERROR Waiting for the bsp connection to come up...[0m
2024.10.06 22:57:46 ERROR Waiting for the bsp connection to come up...[0m
2024.10.06 22:57:46 ERROR Waiting for the bsp connection to come up...[0m
2024.10.06 22:57:46 ERROR Waiting for the bsp connection to come up...[0m
2024.10.06 22:57:46 ERROR Waiting for the bsp connection to come up...[0m
2024.10.06 22:57:46 ERROR Waiting for the bsp connection to come up...[0m
2024.10.06 22:57:46 ERROR Waiting for the bsp connection to come up...[0m
2024.10.06 22:57:46 ERROR Waiting for the bsp connection to come up...[0m
2024.10.06 22:57:46 ERROR Waiting for the bsp connection to come up...[0m
2024.10.06 22:57:46 ERROR Waiting for the bsp connection to come up...[0m
2024.10.06 22:57:46 ERROR Waiting for the bsp connection to come up...[0m
2024.10.06 22:57:46 ERROR Waiting for the bsp connection to come up...[0m
2024.10.06 22:57:46 ERROR Waiting for the bsp connection to come up...[0m
2024.10.06 22:57:46 ERROR Waiting for the bsp connection to come up...[0m
2024.10.06 22:57:46 ERROR Waiting for the bsp connection to come up...[0m
2024.10.06 22:57:46 ERROR Waiting for the bsp connection to come up...[0m
2024.10.06 22:57:46 ERROR Waiting for the bsp connection to come up...[0m
2024.10.06 22:57:46 ERROR Waiting for the bsp connection to come up...[0m
2024.10.06 22:57:46 ERROR Waiting for the bsp connection to come up...[0m
2024.10.06 22:57:46 ERROR Waiting for the bsp connection to come up...[0m
2024.10.06 22:57:46 ERROR error: Giving up on waiting for a connection, printing embedded bloop logs:[0m
2024.10.06 22:57:46 ERROR > [0m
2024.10.06 22:57:46 ERROR error: The launcher failed to establish a bsp connection, aborting...[0m
2024.10.06 22:57:46 ERROR Failed to connect with build server, no functionality will work.
java.lang.RuntimeException: The server did not start, got FailedToOpenBspConnection
	at bloop.launcher.LauncherMain.failPromise$1(Launcher.scala:92)
	at bloop.launcher.LauncherMain.runLauncher(Launcher.scala:119)
	at scala.meta.internal.metals.BloopServers$$anon$2.run(BloopServers.scala:385)
	at java.util.concurrent.Executors$RunnableAdapter.call(Executors.java:539)
	at java.util.concurrent.FutureTask.run(FutureTask.java:264)
	at java.util.concurrent.ThreadPoolExecutor.runWorker(ThreadPoolExecutor.java:1136)
	at java.util.concurrent.ThreadPoolExecutor$Worker.run(ThreadPoolExecutor.java:635)
	at java.lang.Thread.run(Thread.java:840)
[0m
2024.10.06 23:03:54 INFO  running '/usr/bin/sbt -Dbloop.export-jar-classifiers=sources bloopInstall'[0m
2024.10.06 23:03:56 INFO  [info] welcome to sbt 1.7.0 (Ubuntu Java 17.0.12)[0m
2024.10.06 23:03:56 INFO  [info] loading settings for project vexriscvcpu-build-build from metals.sbt ...[0m
2024.10.06 23:03:57 INFO  [info] loading project definition from /home/anata/VexRiscvcpu/project/project[0m
2024.10.06 23:03:57 INFO  [info] loading settings for project vexriscvcpu-build from metals.sbt ...[0m
2024.10.06 23:03:57 INFO  [info] loading project definition from /home/anata/VexRiscvcpu/project[0m
2024.10.06 23:03:59 INFO  [success] Generated .bloop/vexriscvcpu-build.json[0m
2024.10.06 23:03:59 INFO  [success] Total time: 1 s, completed Oct 6, 2024, 11:03:59 PM[0m
2024.10.06 23:03:59 INFO  [info] loading settings for project root from build.sbt ...[0m
2024.10.06 23:03:59 INFO  [info] set current project to VexRiscv (in build file:/home/anata/VexRiscvcpu/)[0m
2024.10.06 23:03:59 INFO  [success] Generated .bloop/root-test.json[0m
2024.10.06 23:03:59 INFO  [success] Generated .bloop/root.json[0m
2024.10.06 23:03:59 INFO  [success] Total time: 0 s, completed Oct 6, 2024, 11:04:00 PM[0m
2024.10.06 23:04:00 INFO  time: ran 'sbt bloopInstall' in 5.83s[0m
2024.10.06 23:04:00 INFO  Attempting to connect to the build server...[0m
2024.10.06 23:04:00 INFO  tracing is disabled for protocol BSP, to enable tracing of incoming and outgoing JSON messages create an empty file at /home/anata/VexRiscvcpu/.metals/bsp.trace.json or /home/anata/.cache/metals/bsp.trace.json[0m
2024.10.06 23:04:00 INFO  Attempting to connect to the build server...[0m
2024.10.06 23:04:00 INFO  tracing is disabled for protocol BSP, to enable tracing of incoming and outgoing JSON messages create an empty file at /home/anata/VexRiscvcpu/project/.metals/bsp.trace.json or /home/anata/.cache/metals/bsp.trace.json[0m
2024.10.06 23:04:00 INFO  time: Connected to build server in 0.35s[0m
2024.10.06 23:04:00 INFO  Connected to Build server: Bloop v1.6.0[0m
2024.10.06 23:04:01 INFO  time: Imported build in 0.14s[0m
2024.10.06 23:04:01 INFO  running doctor check[0m
2024.10.06 23:04:01 INFO  java targets: root, vexriscvcpu-build, root-test[0m
2024.10.06 23:04:03 WARN  Could not find java sources in /usr/lib/jvm/src.zip, /usr/lib/jvm/lib/src.zip, /usr/lib/jvm/java-17-openjdk-amd64/src.zip, /usr/lib/jvm/java-17-openjdk-amd64/lib/src.zip. Java symbols will not be available.[0m
2024.10.06 23:04:03 WARN  Could not find java sources in /usr/lib/jvm/src.zip, /usr/lib/jvm/lib/src.zip, /usr/lib/jvm/java-17-openjdk-amd64/src.zip, /usr/lib/jvm/java-17-openjdk-amd64/lib/src.zip. Java symbols will not be available.[0m
2024.10.06 23:04:03 INFO  time: indexed workspace in 3.22s[0m
2024.10.06 23:04:05 INFO  compiling root (1 scala source)[0m
2024.10.06 23:04:09 INFO  time: compiled root in 3.86s[0m
2024.10.06 23:04:38 INFO  compiling root (1 scala source)[0m
2024.10.06 23:04:39 INFO  skipping build import with status 'Installed'[0m
2024.10.06 23:04:39 INFO  Disconnecting from Bloop session...[0m
2024.10.06 23:04:39 INFO  Cancelling compilation on Bloop server[0m
2024.10.06 23:04:39 INFO  Shut down connection with build server.[0m
2024.10.06 23:04:39 INFO  time: compiled root in 1.05s[0m
2024.10.06 23:04:39 INFO  Shut down connection with build server.[0m
2024.10.06 23:04:39 INFO  Attempting to connect to the build server...[0m
2024.10.06 23:04:39 INFO  tracing is disabled for protocol BSP, to enable tracing of incoming and outgoing JSON messages create an empty file at /home/anata/VexRiscvcpu/.metals/bsp.trace.json or /home/anata/.cache/metals/bsp.trace.json[0m
2024.10.06 23:04:39 INFO  Attempting to connect to the build server...[0m
2024.10.06 23:04:39 INFO  tracing is disabled for protocol BSP, to enable tracing of incoming and outgoing JSON messages create an empty file at /home/anata/VexRiscvcpu/project/.metals/bsp.trace.json or /home/anata/.cache/metals/bsp.trace.json[0m
2024.10.06 23:04:39 INFO  time: Connected to build server in 0.11s[0m
2024.10.06 23:04:39 INFO  Connected to Build server: Bloop v1.6.0[0m
2024.10.06 23:04:41 INFO  running doctor check[0m
2024.10.06 23:04:41 INFO  java targets: root, vexriscvcpu-build, root-test[0m
2024.10.06 23:04:42 WARN  Could not find java sources in /usr/lib/jvm/src.zip, /usr/lib/jvm/lib/src.zip, /usr/lib/jvm/java-17-openjdk-amd64/src.zip, /usr/lib/jvm/java-17-openjdk-amd64/lib/src.zip. Java symbols will not be available.[0m
2024.10.06 23:04:42 WARN  Could not find java sources in /usr/lib/jvm/src.zip, /usr/lib/jvm/lib/src.zip, /usr/lib/jvm/java-17-openjdk-amd64/src.zip, /usr/lib/jvm/java-17-openjdk-amd64/lib/src.zip. Java symbols will not be available.[0m
2024.10.06 23:04:42 INFO  time: indexed workspace in 3.07s[0m
2024.10.06 23:04:43 INFO  compiling root (1 scala source)[0m
2024.10.06 23:04:46 WARN  one deprecation[0m
2024.10.06 23:04:46 WARN  7 deprecations (since SpinalHDL 1.3.1)[0m
2024.10.06 23:04:46 WARN  8 deprecations in total; re-run with -deprecation for details[0m
2024.10.06 23:04:46 INFO  time: compiled root in 4.16s[0m
2024.10.06 23:04:54 INFO  running '/usr/bin/sbt -Dbloop.export-jar-classifiers=sources bloopInstall'[0m
2024.10.06 23:04:55 INFO  [info] welcome to sbt 1.7.0 (Ubuntu Java 17.0.12)[0m
2024.10.06 23:04:55 INFO  [info] loading settings for project vexriscvcpu-build-build from metals.sbt ...[0m
2024.10.06 23:04:56 INFO  [info] loading project definition from /home/anata/VexRiscvcpu/project/project[0m
2024.10.06 23:04:56 INFO  [info] loading settings for project vexriscvcpu-build from metals.sbt ...[0m
2024.10.06 23:04:56 INFO  [info] loading project definition from /home/anata/VexRiscvcpu/project[0m
2024.10.06 23:04:58 INFO  [success] Generated .bloop/vexriscvcpu-build.json[0m
2024.10.06 23:04:58 INFO  [success] Total time: 1 s, completed Oct 6, 2024, 11:04:58 PM[0m
2024.10.06 23:04:58 INFO  [info] loading settings for project root from build.sbt ...[0m
2024.10.06 23:04:58 INFO  [info] set current project to VexRiscv (in build file:/home/anata/VexRiscvcpu/)[0m
2024.10.06 23:04:58 INFO  [success] Generated .bloop/root-test.json[0m
2024.10.06 23:04:58 INFO  [success] Generated .bloop/root.json[0m
2024.10.06 23:04:58 INFO  [success] Total time: 0 s, completed Oct 6, 2024, 11:04:58 PM[0m
2024.10.06 23:04:59 INFO  time: ran 'sbt bloopInstall' in 5.3s[0m
2024.10.06 23:04:59 INFO  Disconnecting from Bloop session...[0m
2024.10.06 23:04:59 INFO  Shut down connection with build server.[0m
2024.10.06 23:04:59 INFO  Shut down connection with build server.[0m
2024.10.06 23:04:59 INFO  Attempting to connect to the build server...[0m
2024.10.06 23:04:59 INFO  tracing is disabled for protocol BSP, to enable tracing of incoming and outgoing JSON messages create an empty file at /home/anata/VexRiscvcpu/.metals/bsp.trace.json or /home/anata/.cache/metals/bsp.trace.json[0m
2024.10.06 23:04:59 INFO  Attempting to connect to the build server...[0m
2024.10.06 23:04:59 INFO  tracing is disabled for protocol BSP, to enable tracing of incoming and outgoing JSON messages create an empty file at /home/anata/VexRiscvcpu/project/.metals/bsp.trace.json or /home/anata/.cache/metals/bsp.trace.json[0m
2024.10.06 23:04:59 INFO  time: Connected to build server in 62ms[0m
2024.10.06 23:04:59 INFO  Connected to Build server: Bloop v1.6.0[0m
2024.10.06 23:04:59 INFO  running doctor check[0m
2024.10.06 23:04:59 INFO  java targets: root, vexriscvcpu-build, root-test[0m
2024.10.06 23:05:00 WARN  Could not find java sources in /usr/lib/jvm/src.zip, /usr/lib/jvm/lib/src.zip, /usr/lib/jvm/java-17-openjdk-amd64/src.zip, /usr/lib/jvm/java-17-openjdk-amd64/lib/src.zip. Java symbols will not be available.[0m
2024.10.06 23:05:00 WARN  Could not find java sources in /usr/lib/jvm/src.zip, /usr/lib/jvm/lib/src.zip, /usr/lib/jvm/java-17-openjdk-amd64/src.zip, /usr/lib/jvm/java-17-openjdk-amd64/lib/src.zip. Java symbols will not be available.[0m
2024.10.06 23:05:00 INFO  time: indexed workspace in 1.49s[0m
2024.10.06 23:05:41 INFO  running '/usr/bin/sbt -Dbloop.export-jar-classifiers=sources bloopInstall'[0m
2024.10.06 23:05:42 INFO  [info] welcome to sbt 1.7.0 (Ubuntu Java 17.0.12)[0m
2024.10.06 23:05:42 INFO  [info] loading settings for project vexriscvcpu-build-build from metals.sbt ...[0m
2024.10.06 23:05:43 INFO  [info] loading project definition from /home/anata/VexRiscvcpu/project/project[0m
2024.10.06 23:05:43 INFO  [info] loading settings for project vexriscvcpu-build from metals.sbt ...[0m
2024.10.06 23:05:43 INFO  [info] loading project definition from /home/anata/VexRiscvcpu/project[0m
2024.10.06 23:05:45 INFO  [success] Generated .bloop/vexriscvcpu-build.json[0m
2024.10.06 23:05:45 INFO  [success] Total time: 1 s, completed Oct 6, 2024, 11:05:45 PM[0m
2024.10.06 23:05:45 INFO  [info] loading settings for project root from build.sbt ...[0m
2024.10.06 23:05:45 INFO  [info] set current project to VexRiscv (in build file:/home/anata/VexRiscvcpu/)[0m
2024.10.06 23:05:45 INFO  [success] Generated .bloop/root-test.json[0m
2024.10.06 23:05:45 INFO  [success] Generated .bloop/root.json[0m
2024.10.06 23:05:45 INFO  [success] Total time: 0 s, completed Oct 6, 2024, 11:05:45 PM[0m
2024.10.06 23:05:46 INFO  time: ran 'sbt bloopInstall' in 4.94s[0m
2024.10.06 23:05:46 INFO  Disconnecting from Bloop session...[0m
2024.10.06 23:05:46 INFO  Shut down connection with build server.[0m
2024.10.06 23:05:46 INFO  Shut down connection with build server.[0m
2024.10.06 23:05:46 INFO  Attempting to connect to the build server...[0m
2024.10.06 23:05:46 INFO  tracing is disabled for protocol BSP, to enable tracing of incoming and outgoing JSON messages create an empty file at /home/anata/VexRiscvcpu/.metals/bsp.trace.json or /home/anata/.cache/metals/bsp.trace.json[0m
2024.10.06 23:05:46 INFO  Attempting to connect to the build server...[0m
2024.10.06 23:05:46 INFO  tracing is disabled for protocol BSP, to enable tracing of incoming and outgoing JSON messages create an empty file at /home/anata/VexRiscvcpu/project/.metals/bsp.trace.json or /home/anata/.cache/metals/bsp.trace.json[0m
2024.10.06 23:05:46 INFO  time: Connected to build server in 63ms[0m
2024.10.06 23:05:46 INFO  Connected to Build server: Bloop v1.6.0[0m
2024.10.06 23:05:46 INFO  running doctor check[0m
2024.10.06 23:05:46 INFO  java targets: root, vexriscvcpu-build, root-test[0m
2024.10.06 23:05:47 WARN  Could not find java sources in /usr/lib/jvm/src.zip, /usr/lib/jvm/lib/src.zip, /usr/lib/jvm/java-17-openjdk-amd64/src.zip, /usr/lib/jvm/java-17-openjdk-amd64/lib/src.zip. Java symbols will not be available.[0m
2024.10.06 23:05:47 WARN  Could not find java sources in /usr/lib/jvm/src.zip, /usr/lib/jvm/lib/src.zip, /usr/lib/jvm/java-17-openjdk-amd64/src.zip, /usr/lib/jvm/java-17-openjdk-amd64/lib/src.zip. Java symbols will not be available.[0m
2024.10.06 23:05:47 INFO  time: indexed workspace in 1.37s[0m
Oct 06, 2024 11:08:44 PM org.eclipse.lsp4j.jsonrpc.RemoteEndpoint handleCancellation
WARNING: Unmatched cancel notification for request id 276
2024.10.06 23:08:47 INFO  running '/usr/bin/sbt -Dbloop.export-jar-classifiers=sources bloopInstall'[0m
2024.10.06 23:08:48 INFO  [info] welcome to sbt 1.7.0 (Ubuntu Java 17.0.12)[0m
2024.10.06 23:08:48 INFO  [info] loading settings for project vexriscvcpu-build-build from metals.sbt ...[0m
2024.10.06 23:08:50 INFO  [info] loading project definition from /home/anata/VexRiscvcpu/project/project[0m
2024.10.06 23:08:50 INFO  [info] loading settings for project vexriscvcpu-build from metals.sbt ...[0m
2024.10.06 23:08:50 INFO  [info] loading project definition from /home/anata/VexRiscvcpu/project[0m
2024.10.06 23:08:51 INFO  [success] Generated .bloop/vexriscvcpu-build.json[0m
2024.10.06 23:08:51 INFO  [success] Total time: 1 s, completed Oct 6, 2024, 11:08:52 PM[0m
2024.10.06 23:08:51 INFO  [info] loading settings for project root from build.sbt ...[0m
2024.10.06 23:08:51 INFO  [info] set current project to VexRiscv (in build file:/home/anata/VexRiscvcpu/)[0m
2024.10.06 23:08:51 INFO  [success] Generated .bloop/root-test.json[0m
2024.10.06 23:08:51 INFO  [success] Generated .bloop/root.json[0m
2024.10.06 23:08:51 INFO  [success] Total time: 0 s, completed Oct 6, 2024, 11:08:52 PM[0m
2024.10.06 23:08:52 INFO  time: ran 'sbt bloopInstall' in 5.15s[0m
2024.10.06 23:08:52 INFO  Disconnecting from Bloop session...[0m
2024.10.06 23:08:52 INFO  Shut down connection with build server.[0m
2024.10.06 23:08:52 INFO  Shut down connection with build server.[0m
2024.10.06 23:08:52 INFO  Attempting to connect to the build server...[0m
2024.10.06 23:08:52 INFO  tracing is disabled for protocol BSP, to enable tracing of incoming and outgoing JSON messages create an empty file at /home/anata/VexRiscvcpu/.metals/bsp.trace.json or /home/anata/.cache/metals/bsp.trace.json[0m
2024.10.06 23:08:52 INFO  Attempting to connect to the build server...[0m
2024.10.06 23:08:52 INFO  tracing is disabled for protocol BSP, to enable tracing of incoming and outgoing JSON messages create an empty file at /home/anata/VexRiscvcpu/project/.metals/bsp.trace.json or /home/anata/.cache/metals/bsp.trace.json[0m
2024.10.06 23:08:52 INFO  time: Connected to build server in 40ms[0m
2024.10.06 23:08:52 INFO  Connected to Build server: Bloop v1.6.0[0m
2024.10.06 23:08:52 INFO  running doctor check[0m
2024.10.06 23:08:52 INFO  java targets: root, vexriscvcpu-build, root-test[0m
2024.10.06 23:08:54 WARN  Could not find java sources in /usr/lib/jvm/src.zip, /usr/lib/jvm/lib/src.zip, /usr/lib/jvm/java-17-openjdk-amd64/src.zip, /usr/lib/jvm/java-17-openjdk-amd64/lib/src.zip. Java symbols will not be available.[0m
2024.10.06 23:08:54 WARN  Could not find java sources in /usr/lib/jvm/src.zip, /usr/lib/jvm/lib/src.zip, /usr/lib/jvm/java-17-openjdk-amd64/src.zip, /usr/lib/jvm/java-17-openjdk-amd64/lib/src.zip. Java symbols will not be available.[0m
2024.10.06 23:08:54 INFO  time: indexed workspace in 1.37s[0m
2024.10.06 23:09:11 INFO  Shutting down server[0m
2024.10.06 23:09:11 INFO  shutting down Metals[0m
2024.10.06 23:09:11 INFO  Shut down connection with build server.[0m
2024.10.06 23:09:11 INFO  Shut down connection with build server.[0m
2024.10.06 23:09:11 INFO  Exiting server[0m
2024.10.06 23:09:35 INFO  Started: Metals version 1.3.5 in folders '/home/anata/VexRiscvcpu' for client Visual Studio Code 1.94.0.[0m
SLF4J(W): Class path contains multiple SLF4J providers.
SLF4J(W): Found provider [scribe.slf4j.ScribeServiceProvider@1f66842b]
SLF4J(W): Found provider [ch.qos.logback.classic.spi.LogbackServiceProvider@7726cace]
SLF4J(W): See https://www.slf4j.org/codes.html#multiple_bindings for an explanation.
SLF4J(I): Actual provider is of type [scribe.slf4j.ScribeServiceProvider@1f66842b]
2024.10.06 23:09:36 WARN  Flyway upgrade recommended: H2 2.3.230 is newer than this version of Flyway and support has not been tested. The latest supported version of H2 is 2.2.220.[0m
2024.10.06 23:09:36 INFO  Attempting to connect to the build server...[0m
2024.10.06 23:09:36 INFO  running '/usr/bin/sbt -Dbloop.export-jar-classifiers=sources bloopInstall'[0m
2024.10.06 23:09:38 INFO  [info] welcome to sbt 1.7.0 (Ubuntu Java 17.0.12)[0m
2024.10.06 23:09:38 INFO  [info] loading settings for project vexriscvcpu-build-build from metals.sbt ...[0m
2024.10.06 23:09:39 INFO  tracing is disabled for protocol BSP, to enable tracing of incoming and outgoing JSON messages create an empty file at /home/anata/VexRiscvcpu/.metals/bsp.trace.json or /home/anata/.cache/metals/bsp.trace.json[0m
2024.10.06 23:09:39 INFO  [info] loading project definition from /home/anata/VexRiscvcpu/project/project[0m
2024.10.06 23:09:39 INFO  Attempting to connect to the build server...[0m
2024.10.06 23:09:39 INFO  tracing is disabled for protocol BSP, to enable tracing of incoming and outgoing JSON messages create an empty file at /home/anata/VexRiscvcpu/project/.metals/bsp.trace.json or /home/anata/.cache/metals/bsp.trace.json[0m
2024.10.06 23:09:39 INFO  time: Connected to build server in 3.5s[0m
2024.10.06 23:09:39 INFO  Connected to Build server: Bloop v1.6.0[0m
2024.10.06 23:09:40 INFO  time: Imported build in 0.16s[0m
2024.10.06 23:09:40 INFO  running doctor check[0m
2024.10.06 23:09:40 INFO  java targets: root, vexriscvcpu-build, root-test[0m
2024.10.06 23:09:39 INFO  [info] loading settings for project vexriscvcpu-build from metals.sbt ...[0m
2024.10.06 23:09:39 INFO  [info] loading project definition from /home/anata/VexRiscvcpu/project[0m
2024.10.06 23:09:42 INFO  [success] Generated .bloop/vexriscvcpu-build.json[0m
2024.10.06 23:09:42 INFO  [success] Total time: 2 s, completed Oct 6, 2024, 11:09:42 PM[0m
2024.10.06 23:09:42 INFO  [info] loading settings for project root from build.sbt ...[0m
2024.10.06 23:09:42 INFO  [info] set current project to VexRiscv (in build file:/home/anata/VexRiscvcpu/)[0m
2024.10.06 23:09:43 INFO  [success] Generated .bloop/root.json[0m
2024.10.06 23:09:43 INFO  [success] Generated .bloop/root-test.json[0m
2024.10.06 23:09:43 INFO  [success] Total time: 0 s, completed Oct 6, 2024, 11:09:43 PM[0m
2024.10.06 23:09:43 WARN  Could not find java sources in /usr/lib/jvm/src.zip, /usr/lib/jvm/lib/src.zip, /usr/lib/jvm/java-17-openjdk-amd64/src.zip, /usr/lib/jvm/java-17-openjdk-amd64/lib/src.zip. Java symbols will not be available.[0m
2024.10.06 23:09:43 INFO  time: ran 'sbt bloopInstall' in 7.39s[0m
2024.10.06 23:09:43 INFO  Disconnecting from Bloop session...[0m
2024.10.06 23:09:43 INFO  Shut down connection with build server.[0m
2024.10.06 23:09:43 INFO  Shut down connection with build server.[0m
2024.10.06 23:09:43 INFO  Attempting to connect to the build server...[0m
2024.10.06 23:09:43 INFO  tracing is disabled for protocol BSP, to enable tracing of incoming and outgoing JSON messages create an empty file at /home/anata/VexRiscvcpu/.metals/bsp.trace.json or /home/anata/.cache/metals/bsp.trace.json[0m
2024.10.06 23:09:43 INFO  Attempting to connect to the build server...[0m
2024.10.06 23:09:43 INFO  tracing is disabled for protocol BSP, to enable tracing of incoming and outgoing JSON messages create an empty file at /home/anata/VexRiscvcpu/project/.metals/bsp.trace.json or /home/anata/.cache/metals/bsp.trace.json[0m
2024.10.06 23:09:43 INFO  time: Connected to build server in 77ms[0m
2024.10.06 23:09:43 INFO  Connected to Build server: Bloop v1.6.0[0m
2024.10.06 23:09:43 INFO  running doctor check[0m
2024.10.06 23:09:43 INFO  java targets: root, vexriscvcpu-build, root-test[0m
2024.10.06 23:09:43 WARN  Could not find java sources in /usr/lib/jvm/src.zip, /usr/lib/jvm/lib/src.zip, /usr/lib/jvm/java-17-openjdk-amd64/src.zip, /usr/lib/jvm/java-17-openjdk-amd64/lib/src.zip. Java symbols will not be available.[0m
2024.10.06 23:09:43 INFO  time: indexed workspace in 4.32s[0m
2024.10.06 23:09:45 WARN  Could not find java sources in /usr/lib/jvm/src.zip, /usr/lib/jvm/lib/src.zip, /usr/lib/jvm/java-17-openjdk-amd64/src.zip, /usr/lib/jvm/java-17-openjdk-amd64/lib/src.zip. Java symbols will not be available.[0m
2024.10.06 23:09:45 WARN  Could not find java sources in /usr/lib/jvm/src.zip, /usr/lib/jvm/lib/src.zip, /usr/lib/jvm/java-17-openjdk-amd64/src.zip, /usr/lib/jvm/java-17-openjdk-amd64/lib/src.zip. Java symbols will not be available.[0m
2024.10.06 23:09:45 INFO  time: indexed workspace in 1.79s[0m
2024.10.06 23:09:54 INFO  time: code lens generation in 2.14s[0m
Oct 06, 2024 11:10:02 PM org.eclipse.lsp4j.jsonrpc.RemoteEndpoint handleCancellation
WARNING: Unmatched cancel notification for request id 38
Oct 06, 2024 11:10:28 PM org.eclipse.lsp4j.jsonrpc.RemoteEndpoint handleCancellation
WARNING: Unmatched cancel notification for request id 149
2024.10.06 23:10:31 INFO  compiling root (1 scala source)[0m
2024.10.06 23:10:36 WARN  one deprecation[0m
2024.10.06 23:10:36 WARN  7 deprecations (since SpinalHDL 1.3.1)[0m
2024.10.06 23:10:36 WARN  8 deprecations in total; re-run with -deprecation for details[0m
2024.10.06 23:10:36 INFO  time: compiled root in 5.96s[0m
